MPASM 5.84                          MAIN.ASM   11-26-2020  21:44:54         PAGE  1


LOC  OBJECT CODE     LINE SOURCE TEXT
  VALUE

                      00001 #include "p16f887.inc"
                      00001         LIST
                      00002 
                      00003 ;==========================================================================
                      00004 ; Build date : Mar 17 2019
                      00005 ;  MPASM PIC16F887 processor include
                      00006 ; 
                      00007 ;  (c) Copyright 1999-2019 Microchip Technology, All rights reserved
                      00008 ;==========================================================================
                      00009 
                      00810         LIST
                      00002 
                      00003 ; CONFIG1
                      00004 ; __config 0xE0D4
2007   20D4           00005  __CONFIG _CONFIG1, _FOSC_INTRC_NOCLKOUT & _WDTE_OFF & _PWRTE_OFF & _MCLRE_OFF & _CP_OFF & _CPD_OFF & _B
                            OREN_OFF & _IESO_OFF & _FCMEN_OFF & _LVP_OFF
                      00006 ; CONFIG2
                      00007 ; __config 0xFFFF
2008   3FFF           00008  __CONFIG _CONFIG2, _BOR4V_BOR40V & _WRT_OFF
                      00009 
                      00010 PR_VAR              UDATA
                      00011 ;------------------------------------Generales-------------------------------------------               
                                
0000                  00012 ANTIREB     RES 1                       ;Boton
0001                  00013 CONT1               RES 1                       ;Delay
                      00014 ;-----------------------------------Operaciones------------------------------------------
0002                  00015 CT1                 RES 1                       ;Ciclo de Trabajo 1, para ajustar el valor que va al TMR
                            0.
0003                  00016 ROTF                RES 1                       ;Para la funcion de ajuste.
0004                  00017 CICLO               RES 1
                      00018 ;--------------------------------------ADC-----------------------------------------------               
                                
0005                  00019 SERVO0      RES 1
0006                  00020 SERVO1              RES 1
0007                  00021 SERVO2      RES 1                       ;Para mostrar el ciclo de trabajo de los PMW
0008                  00022 CONT_ADC            RES 1                       ;Para llevar  registro de que canal analogico toca.
                      00023 ;-----------------------------------Interrupcion------------------------------------------          
0009                  00024 TEMP_STATUS         RES 1
000A                  00025 TEMP_W      RES 1
                      00026   
                      00027         
                      00028 RES_VECT  CODE    0x0000            ; processor reset vector
0000   2???           00029     GOTO    START                   ; go to beginning of program
                      00030     
                      00031 ;************************************Interrupcion********************************
                      00032 ISR_VECT   CODE    0X0004
0004                  00033 SAVE:                                   ;Sirve para guardar el valor actual de:
0004   00??           00034     MOVWF       TEMP_W          ;"W"
0005   0E03           00035     SWAPF       STATUS, W
0006   00??           00036     MOVWF       TEMP_STATUS             ;& STATUS
0007                  00037 ISR:
0007   1D0B           00038     BTFSS       INTCON,T0IF
0008   2???           00039      GOTO       ADC_INT
MPASM 5.84                          MAIN.ASM   11-26-2020  21:44:54         PAGE  2


LOC  OBJECT CODE     LINE SOURCE TEXT
  VALUE

Warning[207]: Found label after column 1. (TMR0_INT)
0009                  00040  TMR0_INT:
0009   110B           00041     BCF         INTCON,T0IF
000A   08??           00042     MOVF                CICLO,W
000B   0782           00043     ADDWF       PCL,F
000C   2???           00044     GOTO                POSITIVO
000D   2???           00045     GOTO                NEGATIVO
000E   01??           00046     CLRF                CICLO
000F                  00047 POSITIVO:
000F   1587           00048     BSF         PORTC, RC3
0010   0181           00049     CLRF                TMR0
0011   08??           00050     MOVF                CT1,W
0012   0281           00051     SUBWF       TMR0,F
0013   0A??           00052     INCF                CICLO,F
0014   2???           00053     GOTO                ADC_INT
0015                  00054 NEGATIVO:
0015   1187           00055     BCF         PORTC, RC3
0016   0181           00056     CLRF                TMR0
0017   0A??           00057     INCF                CICLO, F
                      00058    ; GOTO               ADC_INT
0018                  00059 ADC_INT: 
0018   1F0C           00060     BTFSS       PIR1, ADIF
0019   2???           00061     GOTO                LOAD
001A   130C           00062     BCF         PIR1, ADIF
001B   08??           00063     MOVF                CONT_ADC, W
001C   0782           00064     ADDWF       PCL, F
001D   2???           00065     GOTO                SERVO0_ADC
001E   2???           00066     GOTO                SERVO1_ADC
001F   2???           00067     GOTO                SERVO2_ADC
0020   01??           00068     CLRF                CONT_ADC
0021                  00069 SERVO0_ADC:       
0021   081E           00070     MOVFW       ADRESH
0022   00??           00071     MOVWF       SERVO0
0023   0A??           00072     INCF                CONT_ADC, F
0024   151F           00073     BSF         ADCON0, 2
0025   2???           00074     GOTO                INICIAR_CONV                    
0026                  00075 SERVO1_ADC:       
0026   081E           00076     MOVFW       ADRESH
0027   00??           00077     MOVWF       SERVO1
0028   0A??           00078     INCF                CONT_ADC, F
0029   159F           00079     BSF         ADCON0, 3
002A   111F           00080     BCF         ADCON0, 2
002B   2???           00081     GOTO                INICIAR_CONV                    
002C                  00082 SERVO2_ADC:       
002C   081E           00083     MOVFW       ADRESH
002D   00??           00084     MOVWF       SERVO2
002E   0A??           00085     INCF                CONT_ADC, F
002F   119F           00086     BCF         ADCON0, 3
0030   2???           00087     GOTO                INICIAR_CONV
0031                  00088 INICIAR_CONV:
0031   0000           00089     NOP
0032   0000           00090     NOP
0033   0000           00091     NOP
MPASM 5.84                          MAIN.ASM   11-26-2020  21:44:54         PAGE  3


LOC  OBJECT CODE     LINE SOURCE TEXT
  VALUE

0034   0000           00092     NOP
0035   0000           00093     NOP
0036   149F           00094     BSF         ADCON0, GO
0037                  00095 LOAD:                                   ;Se recupera el valor de:
0037   0E??           00096     SWAPF       TEMP_STATUS, W
0038   0083           00097     MOVWF       STATUS          ;STATUS
0039   0E??           00098     SWAPF       TEMP_W, F
003A   0E??           00099     SWAPF       TEMP_W, W               ;& de "W"
003B   0009           00100     RETFIE
                      00101 ;----------------------------------------------------------------------------------------- 
                      00102 MAIN_PROG CODE                  ; let linker place main program
0000                  00103 START
0000   1703           00104     BSF          STATUS, 6
0001   1683           00105     BSF         STATUS, 5               ;--------------------Banco 3----------------
Message[302]: Register in operand not in bank 0.  Ensure that bank bits are correct.
0002   0188           00106     CLRF                ANSEL
Message[302]: Register in operand not in bank 0.  Ensure that bank bits are correct.
0003   1408           00107     BSF         ANSEL, 0                ;Se habilita el analogico en A0
Message[302]: Register in operand not in bank 0.  Ensure that bank bits are correct.
0004   1488           00108     BSF         ANSEL, 1                ;Se habilita el analogico en A1
Message[302]: Register in operand not in bank 0.  Ensure that bank bits are correct.
0005   1508           00109     BSF         ANSEL, 2                ;Se habilita el analogico en A2
0006   1303           00110     BCF         STATUS, 6               ;-------------------Banco 1------------------
0007   30FF           00111     MOVLW       .255
Message[302]: Register in operand not in bank 0.  Ensure that bank bits are correct.
0008   0085           00112     MOVWF       TRISA                   ;Puerto A como entrada.
Message[302]: Register in operand not in bank 0.  Ensure that bank bits are correct.
0009   0187           00113     CLRF                TRISC                   ;Salida: Se?ales PMW. 
                      00114 ;----------------------------Configuraci?n Timers----------------------------------------
000A   30FF           00115     MOVLW       .255                    ;TMR2:
Message[302]: Register in operand not in bank 0.  Ensure that bank bits are correct.
000B   0092           00116     MOVWF       PR2                     ;Aprox 4.09 ms.
Message[302]: Register in operand not in bank 0.  Ensure that bank bits are correct.
000C   1281           00117     BCF         OPTION_REG, T0CS        ;TMR0: Oscilador interno
Message[302]: Register in operand not in bank 0.  Ensure that bank bits are correct.
000D   1181           00118     BCF         OPTION_REG, PSA ;Prescaler a TMR0
Message[302]: Register in operand not in bank 0.  Ensure that bank bits are correct.
000E   1101           00119     BCF         OPTION_REG, PS2 
Message[302]: Register in operand not in bank 0.  Ensure that bank bits are correct.
000F   1481           00120     BSF         OPTION_REG, PS1 
Message[302]: Register in operand not in bank 0.  Ensure that bank bits are correct.
0010   1401           00121     BSF         OPTION_REG, PS0 ;Prescaler de 1:16
                      00122 ;----------------------------Configuraci?n Interrupciones--------------------------------
0011   178B           00123     BSF         INTCON, GIE             ;Se habilitaron la interrupciones globales,
0012   170B           00124     BSF         INTCON, PEIE            ;perifericas,
                      00125     ;BSF                INTCON, T0IE            ;del TRM0.
0013   110B           00126     BCF         INTCON, T0IF            ;Bandera por el TMR0
                      00127 ;-------------------------------------ADC----------------------------------------------- 
Message[302]: Register in operand not in bank 0.  Ensure that bank bits are correct.
0014   170C           00128    BSF          PIE1, ADIE              ;y la interrupciones por el A/D.
Message[302]: Register in operand not in bank 0.  Ensure that bank bits are correct.
0015   139F           00129     BCF         ADCON1, ADFM            ;Justificado a la izquierda.
Message[302]: Register in operand not in bank 0.  Ensure that bank bits are correct.
MPASM 5.84                          MAIN.ASM   11-26-2020  21:44:54         PAGE  4


LOC  OBJECT CODE     LINE SOURCE TEXT
  VALUE

0016   129F           00130     BCF         ADCON1, VCFG1           ;Ref: VSS.
Message[302]: Register in operand not in bank 0.  Ensure that bank bits are correct.
0017   121F           00131     BCF         ADCON1, VCFG0           ;Ref: VDD.
0018   1283           00132     BCF         STATUS, 5               ;-------------------Banco 0------------------
0019   3041           00133    MOVLW        B'01000001'             ;Fosc/8, ANS0 & conversion activada.
001A   009F           00134    MOVWF        ADCON0
001B   130C           00135     BCF         PIR1, ADIF              ;Se apaga la bandera del A/D.
                      00136 ;-----------------------------------Timers pt2-------------------------------------------
001C   0181           00137     CLRF                TMR0
001D   108C           00138     BCF         PIR1, TMR2IF            ;Se apaga la bandera de TMR2.
001E   3006           00139    MOVLW        B'00000110'
001F   0092           00140    MOVWF        T2CON
0020   300C           00141    MOVLW        B'00001100'
0021   0097           00142    MOVWF        CCP1CON
0022   009D           00143    MOVWF        CCP2CON
                      00144 ;-------------------------------Limpiar variables/puertos--------------------------------
0023   0185           00145    CLRF         PORTA                   ;Se limpian los puertos.
0024   0187           00146    CLRF         PORTC
0025   01??           00147    CLRF         TEMP_STATUS     
0026   01??           00148    CLRF         TEMP_W  
0027   01??           00149    CLRF         SERVO0
0028   01??           00150    CLRF         SERVO1
0029   01??           00151    CLRF         SERVO2
002A   01??           00152    CLRF         CT1
002B   01??           00153    CLRF         CONT_ADC
002C   01??           00154    CLRF         ANTIREB
002D   01??           00155    CLRF         CONT1
002E   149F           00156    BSF          ADCON0, GO
002F                  00157 LOOP: 
002F   08??           00158     MOVF                SERVO0, W
0030   2???           00159     CALL                AJUSTE_CT
0031   08??           00160     MOVF                ROTF, W   
0032   0095           00161     MOVWF       CCPR1L
                      00162     
0033   08??           00163     MOVF                SERVO1, W
0034   2???           00164     CALL                AJUSTE_CT
0035   08??           00165     MOVF                ROTF, W    
0036   009B           00166     MOVWF       CCPR2L
                      00167     
0037   08??           00168     MOVF                SERVO2, W
0038   2???           00169     CALL                AJUSTE_CT
0039   08??           00170     MOVF                ROTF, W
003A   00??           00171     MOVWF       CT1
                      00172  
003B   2???           00173     GOTO                LOOP
                      00174 ;--------------------------------------RUTINAS-----------------------------------------
003C                  00175 AJUSTE_CT
003C   00??           00176     MOVWF       ROTF                    ;Se recupera el valor en W
003D   1003           00177     BCF         STATUS, 0               ;Se asegura que carry este en 0.
003E   0C??           00178     RRF         ROTF,  F                ;Se procede a rotar a la derecha para emular la division
                      00179                                         ;ahora el valor esta entre 0 - 127.
003F   301F           00180     MOVLW       .31                     ;Se adiciona 97 para que el tiempo en el TRM0, este
0040   07??           00181     ADDWF       ROTF, F                 ;entre 0.512ms < t < 2.544ms. 
MPASM 5.84                          MAIN.ASM   11-26-2020  21:44:54         PAGE  5


LOC  OBJECT CODE     LINE SOURCE TEXT
  VALUE

0041   0008           00182     RETURN
0042                  00183 DELAY_4US                               ;DELAY DE  4us (supuestamente)
0042   1283           00184     BCF         STATUS,5
0043   1303           00185     BCF         STATUS,6
0044   3080           00186     MOVLW        .128
0045   00??           00187     MOVWF       CONT1
0046   0B??           00188     DECFSZ      CONT1, F        
0047   2???           00189     GOTO                $-1 
0048   0008           00190    RETURN    
20D4 3FFF             00191     END
MPASM 5.84                          MAIN.ASM   11-26-2020  21:44:54         PAGE  6


SYMBOL TABLE
  LABEL                             VALUE 

ABDEN                             00000000
ABDOVF                            00000007
ACKDT                             00000005
ACKEN                             00000004
ACKSTAT                           00000006
ADCON0                            0000001F
ADCON1                            0000009F
ADCS0                             00000006
ADCS1                             00000007
ADC_INT                           00000018
ADDEN                             00000003
ADFM                              00000007
ADIE                              00000006
ADIF                              00000006
ADON                              00000000
ADRESH                            0000001E
ADRESL                            0000009E
AJUSTE_CT                         0000003C
ANS0                              00000000
ANS1                              00000001
ANS10                             00000002
ANS11                             00000003
ANS12                             00000004
ANS13                             00000005
ANS2                              00000002
ANS3                              00000003
ANS4                              00000004
ANS5                              00000005
ANS6                              00000006
ANS7                              00000007
ANS8                              00000000
ANS9                              00000001
ANSEL                             00000188
ANSELH                            00000189
ANTIREB                           00000000
BAUDCTL                           00000187
BCLIE                             00000003
BCLIF                             00000003
BF                                00000000
BRG0                              00000000
BRG1                              00000001
BRG10                             00000002
BRG11                             00000003
BRG12                             00000004
BRG13                             00000005
BRG14                             00000006
BRG15                             00000007
BRG16                             00000003
BRG2                              00000002
BRG3                              00000003
BRG4                              00000004
BRG5                              00000005
BRG6                              00000006
MPASM 5.84                          MAIN.ASM   11-26-2020  21:44:54         PAGE  7


SYMBOL TABLE
  LABEL                             VALUE 

BRG7                              00000007
BRG8                              00000000
BRG9                              00000001
BRGH                              00000002
C                                 00000000
C1CH0                             00000000
C1CH1                             00000001
C1IE                              00000005
C1IF                              00000005
C1OE                              00000005
C1ON                              00000007
C1OUT                             00000006
C1POL                             00000004
C1R                               00000002
C1RSEL                            00000005
C1SEN                             00000005
C2CH0                             00000000
C2CH1                             00000001
C2IE                              00000006
C2IF                              00000006
C2OE                              00000005
C2ON                              00000007
C2OUT                             00000006
C2POL                             00000004
C2R                               00000002
C2REN                             00000004
C2RSEL                            00000004
C2SYNC                            00000000
CCP1CON                           00000017
CCP1IE                            00000002
CCP1IF                            00000002
CCP1M0                            00000000
CCP1M1                            00000001
CCP1M2                            00000002
CCP1M3                            00000003
CCP1X                             00000005
CCP1Y                             00000004
CCP2CON                           0000001D
CCP2IE                            00000000
CCP2IF                            00000000
CCP2M0                            00000000
CCP2M1                            00000001
CCP2M2                            00000002
CCP2M3                            00000003
CCP2X                             00000005
CCP2Y                             00000004
CCPR1                             00000015
CCPR1H                            00000016
CCPR1L                            00000015
CCPR2                             0000001B
CCPR2H                            0000001C
CCPR2L                            0000001B
CHS0                              00000002
MPASM 5.84                          MAIN.ASM   11-26-2020  21:44:54         PAGE  8


SYMBOL TABLE
  LABEL                             VALUE 

CHS1                              00000003
CHS2                              00000004
CHS3                              00000005
CICLO                             00000004
CKE                               00000006
CKP                               00000004
CM1CON0                           00000107
CM2CON0                           00000108
CM2CON1                           00000109
CONT1                             00000001
CONT_ADC                          00000008
CREN                              00000004
CSRC                              00000007
CT1                               00000002
D                                 00000005
DATA_ADDRESS                      00000005
DC                                00000001
DC1B0                             00000004
DC1B1                             00000005
DC2B0                             00000004
DC2B1                             00000005
DELAY_4US                         00000042
D_A                               00000005
D_NOT_A                           00000005
ECCPAS                            0000009C
ECCPAS0                           00000004
ECCPAS1                           00000005
ECCPAS2                           00000006
ECCPASE                           00000007
EEADR                             0000010D
EEADRH                            0000010F
EECON1                            0000018C
EECON2                            0000018D
EEDAT                             0000010C
EEDATA                            0000010C
EEDATH                            0000010E
EEIE                              00000004
EEIF                              00000004
EEPGD                             00000007
F                                 00000001
FERR                              00000002
FSR                               00000004
FVREN                             00000000
GCEN                              00000007
GIE                               00000007
GO                                00000001
GO_DONE                           00000001
GO_NOT_DONE                       00000001
HTS                               00000002
I2C_DATA                          00000005
I2C_READ                          00000002
I2C_START                         00000003
I2C_STOP                          00000004
MPASM 5.84                          MAIN.ASM   11-26-2020  21:44:54         PAGE  9


SYMBOL TABLE
  LABEL                             VALUE 

INDF                              00000000
INICIAR_CONV                      00000031
INTCON                            0000000B
INTE                              00000004
INTEDG                            00000006
INTF                              00000001
IOCB                              00000096
IOCB0                             00000000
IOCB1                             00000001
IOCB2                             00000002
IOCB3                             00000003
IOCB4                             00000004
IOCB5                             00000005
IOCB6                             00000006
IOCB7                             00000007
IRCF0                             00000004
IRCF1                             00000005
IRCF2                             00000006
IRP                               00000007
ISR                               00000007
LOAD                              00000037
LOOP                              0000002F
LTS                               00000001
MC1OUT                            00000007
MC2OUT                            00000006
MSK                               00000093
MSK0                              00000000
MSK1                              00000001
MSK2                              00000002
MSK3                              00000003
MSK4                              00000004
MSK5                              00000005
MSK6                              00000006
MSK7                              00000007
NEGATIVO                          00000015
NOT_A                             00000005
NOT_ADDRESS                       00000005
NOT_BO                            00000000
NOT_BOR                           00000000
NOT_DONE                          00000001
NOT_PD                            00000003
NOT_POR                           00000001
NOT_RBPU                          00000007
NOT_RC8                           00000006
NOT_T1SYNC                        00000002
NOT_TO                            00000004
NOT_TX8                           00000006
NOT_W                             00000002
NOT_WRITE                         00000002
OERR                              00000001
OPTION_REG                        00000081
OSCCON                            0000008F
OSCTUNE                           00000090
MPASM 5.84                          MAIN.ASM   11-26-2020  21:44:54         PAGE 10


SYMBOL TABLE
  LABEL                             VALUE 

OSFIE                             00000007
OSFIF                             00000007
OSTS                              00000003
P                                 00000004
P1M0                              00000006
P1M1                              00000007
PCL                               00000002
PCLATH                            0000000A
PCON                              0000008E
PDC0                              00000000
PDC1                              00000001
PDC2                              00000002
PDC3                              00000003
PDC4                              00000004
PDC5                              00000005
PDC6                              00000006
PEIE                              00000006
PEN                               00000002
PIE1                              0000008C
PIE2                              0000008D
PIR1                              0000000C
PIR2                              0000000D
PORTA                             00000005
PORTB                             00000006
PORTC                             00000007
PORTD                             00000008
PORTE                             00000009
POSITIVO                          0000000F
PR2                               00000092
PRSEN                             00000007
PS0                               00000000
PS1                               00000001
PS2                               00000002
PSA                               00000003
PSSAC0                            00000002
PSSAC1                            00000003
PSSBD0                            00000000
PSSBD1                            00000001
PSTRCON                           0000009D
PULSR                             00000002
PULSS                             00000003
PWM1CON                           0000009B
R                                 00000002
RA0                               00000000
RA1                               00000001
RA2                               00000002
RA3                               00000003
RA4                               00000004
RA5                               00000005
RA6                               00000006
RA7                               00000007
RB0                               00000000
RB1                               00000001
MPASM 5.84                          MAIN.ASM   11-26-2020  21:44:54         PAGE 11


SYMBOL TABLE
  LABEL                             VALUE 

RB2                               00000002
RB3                               00000003
RB4                               00000004
RB5                               00000005
RB6                               00000006
RB7                               00000007
RBIE                              00000003
RBIF                              00000000
RC0                               00000000
RC1                               00000001
RC2                               00000002
RC3                               00000003
RC4                               00000004
RC5                               00000005
RC6                               00000006
RC7                               00000007
RC8_9                             00000006
RC9                               00000006
RCD8                              00000000
RCEN                              00000003
RCIDL                             00000006
RCIE                              00000005
RCIF                              00000005
RCREG                             0000001A
RCSTA                             00000018
RD                                00000000
RD0                               00000000
RD1                               00000001
RD2                               00000002
RD3                               00000003
RD4                               00000004
RD5                               00000005
RD6                               00000006
RD7                               00000007
RE0                               00000000
RE1                               00000001
RE2                               00000002
RE3                               00000003
READ_WRITE                        00000002
ROTF                              00000003
RP0                               00000005
RP1                               00000006
RSEN                              00000001
RX9                               00000006
RX9D                              00000000
R_NOT_W                           00000002
R_W                               00000002
S                                 00000003
SAVE                              00000004
SBOREN                            00000004
SCKP                              00000004
SCS                               00000000
SEN                               00000000
MPASM 5.84                          MAIN.ASM   11-26-2020  21:44:54         PAGE 12


SYMBOL TABLE
  LABEL                             VALUE 

SENDB                             00000003
SERVO0                            00000005
SERVO0_ADC                        00000021
SERVO1                            00000006
SERVO1_ADC                        00000026
SERVO2                            00000007
SERVO2_ADC                        0000002C
SMP                               00000007
SPBRG                             00000099
SPBRGH                            0000009A
SPEN                              00000007
SR0                               00000006
SR1                               00000007
SRCON                             00000185
SREN                              00000005
SSPADD                            00000093
SSPBUF                            00000013
SSPCON                            00000014
SSPCON2                           00000091
SSPEN                             00000005
SSPIE                             00000003
SSPIF                             00000003
SSPM0                             00000000
SSPM1                             00000001
SSPM2                             00000002
SSPM3                             00000003
SSPMSK                            00000093
SSPOV                             00000006
SSPSTAT                           00000094
START                             00000000
STATUS                            00000003
STRA                              00000000
STRB                              00000001
STRC                              00000002
STRD                              00000003
STRSYNC                           00000004
SWDTEN                            00000000
SYNC                              00000004
T0CS                              00000005
T0IE                              00000005
T0IF                              00000002
T0SE                              00000004
T1CKPS0                           00000004
T1CKPS1                           00000005
T1CON                             00000010
T1GINV                            00000007
T1GIV                             00000007
T1GSS                             00000001
T1INSYNC                          00000002
T1OSCEN                           00000003
T1SYNC                            00000002
T2CKPS0                           00000000
T2CKPS1                           00000001
MPASM 5.84                          MAIN.ASM   11-26-2020  21:44:54         PAGE 13


SYMBOL TABLE
  LABEL                             VALUE 

T2CON                             00000012
TEMP_STATUS                       00000009
TEMP_W                            0000000A
TMR0                              00000001
TMR0IE                            00000005
TMR0IF                            00000002
TMR0_INT                          00000009
TMR1                              0000000E
TMR1CS                            00000001
TMR1GE                            00000006
TMR1H                             0000000F
TMR1IE                            00000000
TMR1IF                            00000000
TMR1L                             0000000E
TMR1ON                            00000000
TMR2                              00000011
TMR2IE                            00000001
TMR2IF                            00000001
TMR2ON                            00000002
TOUTPS0                           00000003
TOUTPS1                           00000004
TOUTPS2                           00000005
TOUTPS3                           00000006
TRISA                             00000085
TRISA0                            00000000
TRISA1                            00000001
TRISA2                            00000002
TRISA3                            00000003
TRISA4                            00000004
TRISA5                            00000005
TRISA6                            00000006
TRISA7                            00000007
TRISB                             00000086
TRISB0                            00000000
TRISB1                            00000001
TRISB2                            00000002
TRISB3                            00000003
TRISB4                            00000004
TRISB5                            00000005
TRISB6                            00000006
TRISB7                            00000007
TRISC                             00000087
TRISC0                            00000000
TRISC1                            00000001
TRISC2                            00000002
TRISC3                            00000003
TRISC4                            00000004
TRISC5                            00000005
TRISC6                            00000006
TRISC7                            00000007
TRISD                             00000088
TRISD0                            00000000
TRISD1                            00000001
MPASM 5.84                          MAIN.ASM   11-26-2020  21:44:54         PAGE 14


SYMBOL TABLE
  LABEL                             VALUE 

TRISD2                            00000002
TRISD3                            00000003
TRISD4                            00000004
TRISD5                            00000005
TRISD6                            00000006
TRISD7                            00000007
TRISE                             00000089
TRISE0                            00000000
TRISE1                            00000001
TRISE2                            00000002
TRISE3                            00000003
TRMT                              00000001
TUN0                              00000000
TUN1                              00000001
TUN2                              00000002
TUN3                              00000003
TUN4                              00000004
TX8_9                             00000006
TX9                               00000006
TX9D                              00000000
TXD8                              00000000
TXEN                              00000005
TXIE                              00000004
TXIF                              00000004
TXREG                             00000019
TXSTA                             00000098
UA                                00000001
ULPWUE                            00000005
ULPWUIE                           00000002
ULPWUIF                           00000002
VCFG0                             00000004
VCFG1                             00000005
VR0                               00000000
VR1                               00000001
VR2                               00000002
VR3                               00000003
VRCON                             00000097
VREN                              00000007
VROE                              00000006
VRR                               00000005
VRSS                              00000004
W                                 00000000
WCOL                              00000007
WDTCON                            00000105
WDTPS0                            00000001
WDTPS1                            00000002
WDTPS2                            00000003
WDTPS3                            00000004
WPUB                              00000095
WPUB0                             00000000
WPUB1                             00000001
WPUB2                             00000002
WPUB3                             00000003
MPASM 5.84                          MAIN.ASM   11-26-2020  21:44:54         PAGE 15


SYMBOL TABLE
  LABEL                             VALUE 

WPUB4                             00000004
WPUB5                             00000005
WPUB6                             00000006
WPUB7                             00000007
WR                                00000001
WREN                              00000002
WRERR                             00000003
WUE                               00000001
Z                                 00000002
_BOR21V                           00003EFF
_BOR40V                           00003FFF
_BOR4V_BOR21V                     00003EFF
_BOR4V_BOR40V                     00003FFF
_BOREN_NSLEEP                     00003EFF
_BOREN_OFF                        00003CFF
_BOREN_ON                         00003FFF
_BOREN_SBODEN                     00003DFF
_BOR_NSLEEP                       00003EFF
_BOR_OFF                          00003CFF
_BOR_ON                           00003FFF
_BOR_SBODEN                       00003DFF
_CONFIG1                          00002007
_CONFIG2                          00002008
_CPD_OFF                          00003FFF
_CPD_ON                           00003F7F
_CP_OFF                           00003FFF
_CP_ON                            00003FBF
_DEBUG_OFF                        00003FFF
_DEBUG_ON                         00001FFF
_DEVID1                           00002006
_EC_OSC                           00003FFB
_EXTRC                            00003FFF
_EXTRCIO                          00003FFE
_EXTRC_OSC_CLKOUT                 00003FFF
_EXTRC_OSC_NOCLKOUT               00003FFE
_FCMEN_OFF                        000037FF
_FCMEN_ON                         00003FFF
_FOSC_EC                          00003FFB
_FOSC_EXTRC_CLKOUT                00003FFF
_FOSC_EXTRC_NOCLKOUT              00003FFE
_FOSC_HS                          00003FFA
_FOSC_INTRC_CLKOUT                00003FFD
_FOSC_INTRC_NOCLKOUT              00003FFC
_FOSC_LP                          00003FF8
_FOSC_XT                          00003FF9
_HS_OSC                           00003FFA
_IDLOC0                           00002000
_IDLOC1                           00002001
_IDLOC2                           00002002
_IDLOC3                           00002003
_IESO_OFF                         00003BFF
_IESO_ON                          00003FFF
_INTOSC                           00003FFD
MPASM 5.84                          MAIN.ASM   11-26-2020  21:44:54         PAGE 16


SYMBOL TABLE
  LABEL                             VALUE 

_INTOSCIO                         00003FFC
_INTRC_OSC_CLKOUT                 00003FFD
_INTRC_OSC_NOCLKOUT               00003FFC
_LP_OSC                           00003FF8
_LVP_OFF                          00002FFF
_LVP_ON                           00003FFF
_MAIN_PROG_0047                   00000047
_MCLRE_OFF                        00003FDF
_MCLRE_ON                         00003FFF
_PWRTE_OFF                        00003FFF
_PWRTE_ON                         00003FEF
_WDTE_OFF                         00003FF7
_WDTE_ON                          00003FFF
_WDT_OFF                          00003FF7
_WDT_ON                           00003FFF
_WRT_1FOURTH                      00003BFF
_WRT_256                          00003DFF
_WRT_HALF                         000039FF
_WRT_OFF                          00003FFF
_XT_OSC                           00003FF9
__16F887                          00000001

Errors   :     0
Warnings :     1 reported,     0 suppressed
Messages :    16 reported,     0 suppressed

