Warning[207] C:\USERS\ANGELORELLANA\ONEDRIVE\ESCRITORIO\UVG\4TOSEMESTRE\PROGRADEMICROS\PROYECTO3\PROJECTO3.X\MAIN.ASM 16 : Found label after column 1. (VALORTMR0)
Warning[207] C:\USERS\ANGELORELLANA\ONEDRIVE\ESCRITORIO\UVG\4TOSEMESTRE\PROGRADEMICROS\PROYECTO3\PROJECTO3.X\MAIN.ASM 17 : Found label after column 1. (PERIODO)
Warning[207] C:\USERS\ANGELORELLANA\ONEDRIVE\ESCRITORIO\UVG\4TOSEMESTRE\PROGRADEMICROS\PROYECTO3\PROJECTO3.X\MAIN.ASM 19 : Found label after column 1. (VARS)
Warning[207] C:\USERS\ANGELORELLANA\ONEDRIVE\ESCRITORIO\UVG\4TOSEMESTRE\PROGRADEMICROS\PROYECTO3\PROJECTO3.X\MAIN.ASM 21 : Found label after column 1. (ADC0)
Warning[207] C:\USERS\ANGELORELLANA\ONEDRIVE\ESCRITORIO\UVG\4TOSEMESTRE\PROGRADEMICROS\PROYECTO3\PROJECTO3.X\MAIN.ASM 22 : Found label after column 1. (ADC1)
Warning[207] C:\USERS\ANGELORELLANA\ONEDRIVE\ESCRITORIO\UVG\4TOSEMESTRE\PROGRADEMICROS\PROYECTO3\PROJECTO3.X\MAIN.ASM 23 : Found label after column 1. (ADC2)
Warning[207] C:\USERS\ANGELORELLANA\ONEDRIVE\ESCRITORIO\UVG\4TOSEMESTRE\PROGRADEMICROS\PROYECTO3\PROJECTO3.X\MAIN.ASM 24 : Found label after column 1. (ADC3)
Warning[207] C:\USERS\ANGELORELLANA\ONEDRIVE\ESCRITORIO\UVG\4TOSEMESTRE\PROGRADEMICROS\PROYECTO3\PROJECTO3.X\MAIN.ASM 25 : Found label after column 1. (CONTADOR_ADC)
Warning[207] C:\USERS\ANGELORELLANA\ONEDRIVE\ESCRITORIO\UVG\4TOSEMESTRE\PROGRADEMICROS\PROYECTO3\PROJECTO3.X\MAIN.ASM 28 : Found label after column 1. (OPCION)
Warning[207] C:\USERS\ANGELORELLANA\ONEDRIVE\ESCRITORIO\UVG\4TOSEMESTRE\PROGRADEMICROS\PROYECTO3\PROJECTO3.X\MAIN.ASM 29 : Found label after column 1. (FLAGS)
Warning[207] C:\USERS\ANGELORELLANA\ONEDRIVE\ESCRITORIO\UVG\4TOSEMESTRE\PROGRADEMICROS\PROYECTO3\PROJECTO3.X\MAIN.ASM 31 : Found label after column 1. (DELAYMS)
Warning[207] C:\USERS\ANGELORELLANA\ONEDRIVE\ESCRITORIO\UVG\4TOSEMESTRE\PROGRADEMICROS\PROYECTO3\PROJECTO3.X\MAIN.ASM 32 : Found label after column 1. (DELAY2)
Warning[207] C:\USERS\ANGELORELLANA\ONEDRIVE\ESCRITORIO\UVG\4TOSEMESTRE\PROGRADEMICROS\PROYECTO3\PROJECTO3.X\MAIN.ASM 33 : Found label after column 1. (PORTA_ANTERIOR)
Warning[207] C:\USERS\ANGELORELLANA\ONEDRIVE\ESCRITORIO\UVG\4TOSEMESTRE\PROGRADEMICROS\PROYECTO3\PROJECTO3.X\MAIN.ASM 34 : Found label after column 1. (PORTA_ACTUAL)
Warning[207] C:\USERS\ANGELORELLANA\ONEDRIVE\ESCRITORIO\UVG\4TOSEMESTRE\PROGRADEMICROS\PROYECTO3\PROJECTO3.X\MAIN.ASM 37 : Found label after column 1. (W_RAM)
Warning[207] C:\USERS\ANGELORELLANA\ONEDRIVE\ESCRITORIO\UVG\4TOSEMESTRE\PROGRADEMICROS\PROYECTO3\PROJECTO3.X\MAIN.ASM 38 : Found label after column 1. (STATUS_RAM)
Warning[207] C:\USERS\ANGELORELLANA\ONEDRIVE\ESCRITORIO\UVG\4TOSEMESTRE\PROGRADEMICROS\PROYECTO3\PROJECTO3.X\MAIN.ASM 39 : Found label after column 1. (FSR_RAM)
Warning[207] C:\USERS\ANGELORELLANA\ONEDRIVE\ESCRITORIO\UVG\4TOSEMESTRE\PROGRADEMICROS\PROYECTO3\PROJECTO3.X\MAIN.ASM 41 : Found label after column 1. (PWM0)
Warning[207] C:\USERS\ANGELORELLANA\ONEDRIVE\ESCRITORIO\UVG\4TOSEMESTRE\PROGRADEMICROS\PROYECTO3\PROJECTO3.X\MAIN.ASM 42 : Found label after column 1. (PWM1)
Warning[207] C:\USERS\ANGELORELLANA\ONEDRIVE\ESCRITORIO\UVG\4TOSEMESTRE\PROGRADEMICROS\PROYECTO3\PROJECTO3.X\MAIN.ASM 43 : Found label after column 1. (PWM2)
Warning[207] C:\USERS\ANGELORELLANA\ONEDRIVE\ESCRITORIO\UVG\4TOSEMESTRE\PROGRADEMICROS\PROYECTO3\PROJECTO3.X\MAIN.ASM 48 : Found label after column 1. (AJUSTE_PWM)
Warning[207] C:\USERS\ANGELORELLANA\ONEDRIVE\ESCRITORIO\UVG\4TOSEMESTRE\PROGRADEMICROS\PROYECTO3\PROJECTO3.X\MAIN.ASM 50 : Found label after column 1. (TRABAJO1)
Warning[207] C:\USERS\ANGELORELLANA\ONEDRIVE\ESCRITORIO\UVG\4TOSEMESTRE\PROGRADEMICROS\PROYECTO3\PROJECTO3.X\MAIN.ASM 51 : Found label after column 1. (TRABAJO2)
Warning[207] C:\USERS\ANGELORELLANA\ONEDRIVE\ESCRITORIO\UVG\4TOSEMESTRE\PROGRADEMICROS\PROYECTO3\PROJECTO3.X\MAIN.ASM 52 : Found label after column 1. (SECUENCIA)
Warning[207] C:\USERS\ANGELORELLANA\ONEDRIVE\ESCRITORIO\UVG\4TOSEMESTRE\PROGRADEMICROS\PROYECTO3\PROJECTO3.X\MAIN.ASM 55 : Found label after column 1. (CONTADOR_TX)
Warning[207] C:\USERS\ANGELORELLANA\ONEDRIVE\ESCRITORIO\UVG\4TOSEMESTRE\PROGRADEMICROS\PROYECTO3\PROJECTO3.X\MAIN.ASM 56 : Found label after column 1. (CONTADOR_RC)
Warning[207] C:\USERS\ANGELORELLANA\ONEDRIVE\ESCRITORIO\UVG\4TOSEMESTRE\PROGRADEMICROS\PROYECTO3\PROJECTO3.X\MAIN.ASM 58 : Found label after column 1. (SERVO0_CENTENAS_RX)
Warning[207] C:\USERS\ANGELORELLANA\ONEDRIVE\ESCRITORIO\UVG\4TOSEMESTRE\PROGRADEMICROS\PROYECTO3\PROJECTO3.X\MAIN.ASM 59 : Found label after column 1. (SERVO0_DECENAS_RX)
Warning[207] C:\USERS\ANGELORELLANA\ONEDRIVE\ESCRITORIO\UVG\4TOSEMESTRE\PROGRADEMICROS\PROYECTO3\PROJECTO3.X\MAIN.ASM 60 : Found label after column 1. (SERVO0_UNIDADES_RX)
Warning[207] C:\USERS\ANGELORELLANA\ONEDRIVE\ESCRITORIO\UVG\4TOSEMESTRE\PROGRADEMICROS\PROYECTO3\PROJECTO3.X\MAIN.ASM 62 : Found label after column 1. (SERVO1_CENTENAS_RX)
Warning[207] C:\USERS\ANGELORELLANA\ONEDRIVE\ESCRITORIO\UVG\4TOSEMESTRE\PROGRADEMICROS\PROYECTO3\PROJECTO3.X\MAIN.ASM 63 : Found label after column 1. (SERVO1_DECENAS_RX)
Warning[207] C:\USERS\ANGELORELLANA\ONEDRIVE\ESCRITORIO\UVG\4TOSEMESTRE\PROGRADEMICROS\PROYECTO3\PROJECTO3.X\MAIN.ASM 64 : Found label after column 1. (SERVO1_UNIDADES_RX)
Warning[207] C:\USERS\ANGELORELLANA\ONEDRIVE\ESCRITORIO\UVG\4TOSEMESTRE\PROGRADEMICROS\PROYECTO3\PROJECTO3.X\MAIN.ASM 66 : Found label after column 1. (SERVO2_CENTENAS_RX)
Warning[207] C:\USERS\ANGELORELLANA\ONEDRIVE\ESCRITORIO\UVG\4TOSEMESTRE\PROGRADEMICROS\PROYECTO3\PROJECTO3.X\MAIN.ASM 67 : Found label after column 1. (SERVO2_DECENAS_RX)
Warning[207] C:\USERS\ANGELORELLANA\ONEDRIVE\ESCRITORIO\UVG\4TOSEMESTRE\PROGRADEMICROS\PROYECTO3\PROJECTO3.X\MAIN.ASM 68 : Found label after column 1. (SERVO2_UNIDADES_RX)
Warning[207] C:\USERS\ANGELORELLANA\ONEDRIVE\ESCRITORIO\UVG\4TOSEMESTRE\PROGRADEMICROS\PROYECTO3\PROJECTO3.X\MAIN.ASM 70 : Found label after column 1. (SERVO3_CENTENAS_RX)
Warning[207] C:\USERS\ANGELORELLANA\ONEDRIVE\ESCRITORIO\UVG\4TOSEMESTRE\PROGRADEMICROS\PROYECTO3\PROJECTO3.X\MAIN.ASM 71 : Found label after column 1. (SERVO3_DECENAS_RX)
Warning[207] C:\USERS\ANGELORELLANA\ONEDRIVE\ESCRITORIO\UVG\4TOSEMESTRE\PROGRADEMICROS\PROYECTO3\PROJECTO3.X\MAIN.ASM 72 : Found label after column 1. (SERVO3_UNIDADES_RX)
Warning[207] C:\USERS\ANGELORELLANA\ONEDRIVE\ESCRITORIO\UVG\4TOSEMESTRE\PROGRADEMICROS\PROYECTO3\PROJECTO3.X\MAIN.ASM 74 : Found label after column 1. (SERVO_GUARDAR)
Warning[207] C:\USERS\ANGELORELLANA\ONEDRIVE\ESCRITORIO\UVG\4TOSEMESTRE\PROGRADEMICROS\PROYECTO3\PROJECTO3.X\MAIN.ASM 75 : Found label after column 1. (RC_AUX)
Warning[207] C:\USERS\ANGELORELLANA\ONEDRIVE\ESCRITORIO\UVG\4TOSEMESTRE\PROGRADEMICROS\PROYECTO3\PROJECTO3.X\MAIN.ASM 77 : Found label after column 1. (VALOR_CENTENAS_SERVO0)
Warning[207] C:\USERS\ANGELORELLANA\ONEDRIVE\ESCRITORIO\UVG\4TOSEMESTRE\PROGRADEMICROS\PROYECTO3\PROJECTO3.X\MAIN.ASM 78 : Found label after column 1. (VALOR_DECENAS_SERVO0)
Warning[207] C:\USERS\ANGELORELLANA\ONEDRIVE\ESCRITORIO\UVG\4TOSEMESTRE\PROGRADEMICROS\PROYECTO3\PROJECTO3.X\MAIN.ASM 79 : Found label after column 1. (VALOR_UNIDADES_SERVO0)
Warning[207] C:\USERS\ANGELORELLANA\ONEDRIVE\ESCRITORIO\UVG\4TOSEMESTRE\PROGRADEMICROS\PROYECTO3\PROJECTO3.X\MAIN.ASM 81 : Found label after column 1. (VALOR_CENTENAS_SERVO2)
Warning[207] C:\USERS\ANGELORELLANA\ONEDRIVE\ESCRITORIO\UVG\4TOSEMESTRE\PROGRADEMICROS\PROYECTO3\PROJECTO3.X\MAIN.ASM 82 : Found label after column 1. (VALOR_DECENAS_SERVO2)
Warning[207] C:\USERS\ANGELORELLANA\ONEDRIVE\ESCRITORIO\UVG\4TOSEMESTRE\PROGRADEMICROS\PROYECTO3\PROJECTO3.X\MAIN.ASM 83 : Found label after column 1. (VALOR_UNIDADES_SERVO2)
Warning[207] C:\USERS\ANGELORELLANA\ONEDRIVE\ESCRITORIO\UVG\4TOSEMESTRE\PROGRADEMICROS\PROYECTO3\PROJECTO3.X\MAIN.ASM 85 : Found label after column 1. (VALOR_CENTENAS_SERVO3)
Warning[207] C:\USERS\ANGELORELLANA\ONEDRIVE\ESCRITORIO\UVG\4TOSEMESTRE\PROGRADEMICROS\PROYECTO3\PROJECTO3.X\MAIN.ASM 86 : Found label after column 1. (VALOR_DECENAS_SERVO3)
Warning[207] C:\USERS\ANGELORELLANA\ONEDRIVE\ESCRITORIO\UVG\4TOSEMESTRE\PROGRADEMICROS\PROYECTO3\PROJECTO3.X\MAIN.ASM 87 : Found label after column 1. (VALOR_UNIDADES_SERVO3)
Warning[207] C:\USERS\ANGELORELLANA\ONEDRIVE\ESCRITORIO\UVG\4TOSEMESTRE\PROGRADEMICROS\PROYECTO3\PROJECTO3.X\MAIN.ASM 89 : Found label after column 1. (VALOR_CENTENAS_SERVO1)
Warning[207] C:\USERS\ANGELORELLANA\ONEDRIVE\ESCRITORIO\UVG\4TOSEMESTRE\PROGRADEMICROS\PROYECTO3\PROJECTO3.X\MAIN.ASM 90 : Found label after column 1. (VALOR_DECENAS_SERVO1)
Warning[207] C:\USERS\ANGELORELLANA\ONEDRIVE\ESCRITORIO\UVG\4TOSEMESTRE\PROGRADEMICROS\PROYECTO3\PROJECTO3.X\MAIN.ASM 91 : Found label after column 1. (VALOR_UNIDADES_SERVO1)
Warning[207] C:\USERS\ANGELORELLANA\ONEDRIVE\ESCRITORIO\UVG\4TOSEMESTRE\PROGRADEMICROS\PROYECTO3\PROJECTO3.X\MAIN.ASM 94 : Found label after column 1. (VALOR_BIN)
Warning[207] C:\USERS\ANGELORELLANA\ONEDRIVE\ESCRITORIO\UVG\4TOSEMESTRE\PROGRADEMICROS\PROYECTO3\PROJECTO3.X\MAIN.ASM 95 : Found label after column 1. (VALOR_CENTENAS)
Warning[207] C:\USERS\ANGELORELLANA\ONEDRIVE\ESCRITORIO\UVG\4TOSEMESTRE\PROGRADEMICROS\PROYECTO3\PROJECTO3.X\MAIN.ASM 96 : Found label after column 1. (VALOR_DECENAS)
Warning[207] C:\USERS\ANGELORELLANA\ONEDRIVE\ESCRITORIO\UVG\4TOSEMESTRE\PROGRADEMICROS\PROYECTO3\PROJECTO3.X\MAIN.ASM 97 : Found label after column 1. (VALOR_UNIDADES)
Warning[207] C:\USERS\ANGELORELLANA\ONEDRIVE\ESCRITORIO\UVG\4TOSEMESTRE\PROGRADEMICROS\PROYECTO3\PROJECTO3.X\MAIN.ASM 100 : Found label after column 1. (BIN_SERVO0)
Warning[207] C:\USERS\ANGELORELLANA\ONEDRIVE\ESCRITORIO\UVG\4TOSEMESTRE\PROGRADEMICROS\PROYECTO3\PROJECTO3.X\MAIN.ASM 101 : Found label after column 1. (BIN_SERVO1)
Warning[207] C:\USERS\ANGELORELLANA\ONEDRIVE\ESCRITORIO\UVG\4TOSEMESTRE\PROGRADEMICROS\PROYECTO3\PROJECTO3.X\MAIN.ASM 102 : Found label after column 1. (BIN_SERVO2)
Warning[207] C:\USERS\ANGELORELLANA\ONEDRIVE\ESCRITORIO\UVG\4TOSEMESTRE\PROGRADEMICROS\PROYECTO3\PROJECTO3.X\MAIN.ASM 103 : Found label after column 1. (BIN_SERVO3)
Warning[207] C:\USERS\ANGELORELLANA\ONEDRIVE\ESCRITORIO\UVG\4TOSEMESTRE\PROGRADEMICROS\PROYECTO3\PROJECTO3.X\MAIN.ASM 105 : Found label after column 1. (DIR_LECTURA)
Warning[207] C:\USERS\ANGELORELLANA\ONEDRIVE\ESCRITORIO\UVG\4TOSEMESTRE\PROGRADEMICROS\PROYECTO3\PROJECTO3.X\MAIN.ASM 106 : Found label after column 1. (EEPROM_READ)
Warning[207] C:\USERS\ANGELORELLANA\ONEDRIVE\ESCRITORIO\UVG\4TOSEMESTRE\PROGRADEMICROS\PROYECTO3\PROJECTO3.X\MAIN.ASM 107 : Found label after column 1. (DIR_EEPROM)
Warning[207] C:\USERS\ANGELORELLANA\ONEDRIVE\ESCRITORIO\UVG\4TOSEMESTRE\PROGRADEMICROS\PROYECTO3\PROJECTO3.X\MAIN.ASM 108 : Found label after column 1. (VALOR_EEPROM)
Warning[207] C:\USERS\ANGELORELLANA\ONEDRIVE\ESCRITORIO\UVG\4TOSEMESTRE\PROGRADEMICROS\PROYECTO3\PROJECTO3.X\MAIN.ASM 136 : Found label after column 1. (INICIO_PERIODO)
Warning[207] C:\USERS\ANGELORELLANA\ONEDRIVE\ESCRITORIO\UVG\4TOSEMESTRE\PROGRADEMICROS\PROYECTO3\PROJECTO3.X\MAIN.ASM 144 : Found label after column 1. (VAL_PWM1)
Warning[207] C:\USERS\ANGELORELLANA\ONEDRIVE\ESCRITORIO\UVG\4TOSEMESTRE\PROGRADEMICROS\PROYECTO3\PROJECTO3.X\MAIN.ASM 153 : Found label after column 1. (VAL_PWM2)
Warning[207] C:\USERS\ANGELORELLANA\ONEDRIVE\ESCRITORIO\UVG\4TOSEMESTRE\PROGRADEMICROS\PROYECTO3\PROJECTO3.X\MAIN.ASM 178 : Found label after column 1. (VALOR0)
Warning[207] C:\USERS\ANGELORELLANA\ONEDRIVE\ESCRITORIO\UVG\4TOSEMESTRE\PROGRADEMICROS\PROYECTO3\PROJECTO3.X\MAIN.ASM 195 : Found label after column 1. (VALOR1)
Warning[207] C:\USERS\ANGELORELLANA\ONEDRIVE\ESCRITORIO\UVG\4TOSEMESTRE\PROGRADEMICROS\PROYECTO3\PROJECTO3.X\MAIN.ASM 205 : Found label after column 1. (VALOR2)
Warning[207] C:\USERS\ANGELORELLANA\ONEDRIVE\ESCRITORIO\UVG\4TOSEMESTRE\PROGRADEMICROS\PROYECTO3\PROJECTO3.X\MAIN.ASM 215 : Found label after column 1. (VALOR3)
Warning[207] C:\USERS\ANGELORELLANA\ONEDRIVE\ESCRITORIO\UVG\4TOSEMESTRE\PROGRADEMICROS\PROYECTO3\PROJECTO3.X\MAIN.ASM 224 : Found label after column 1. (FIN_VALOR)
Warning[207] C:\USERS\ANGELORELLANA\ONEDRIVE\ESCRITORIO\UVG\4TOSEMESTRE\PROGRADEMICROS\PROYECTO3\PROJECTO3.X\MAIN.ASM 235 : Found label after column 1. (VER_VALOR)
Warning[207] C:\USERS\ANGELORELLANA\ONEDRIVE\ESCRITORIO\UVG\4TOSEMESTRE\PROGRADEMICROS\PROYECTO3\PROJECTO3.X\MAIN.ASM 245 : Found label after column 1. (SERVO1)
Warning[207] C:\USERS\ANGELORELLANA\ONEDRIVE\ESCRITORIO\UVG\4TOSEMESTRE\PROGRADEMICROS\PROYECTO3\PROJECTO3.X\MAIN.ASM 255 : Found label after column 1. (SERVO2)
Warning[207] C:\USERS\ANGELORELLANA\ONEDRIVE\ESCRITORIO\UVG\4TOSEMESTRE\PROGRADEMICROS\PROYECTO3\PROJECTO3.X\MAIN.ASM 265 : Found label after column 1. (SERVO3)
Warning[207] C:\USERS\ANGELORELLANA\ONEDRIVE\ESCRITORIO\UVG\4TOSEMESTRE\PROGRADEMICROS\PROYECTO3\PROJECTO3.X\MAIN.ASM 275 : Found label after column 1. (VER_GUARDAR)
Warning[207] C:\USERS\ANGELORELLANA\ONEDRIVE\ESCRITORIO\UVG\4TOSEMESTRE\PROGRADEMICROS\PROYECTO3\PROJECTO3.X\MAIN.ASM 282 : Found label after column 1. (NO_SERVO)
Warning[207] C:\USERS\ANGELORELLANA\ONEDRIVE\ESCRITORIO\UVG\4TOSEMESTRE\PROGRADEMICROS\PROYECTO3\PROJECTO3.X\MAIN.ASM 299 : Found label after column 1. (ES_ADC0)
Warning[207] C:\USERS\ANGELORELLANA\ONEDRIVE\ESCRITORIO\UVG\4TOSEMESTRE\PROGRADEMICROS\PROYECTO3\PROJECTO3.X\MAIN.ASM 306 : Found label after column 1. (ES_ADC1)
Warning[207] C:\USERS\ANGELORELLANA\ONEDRIVE\ESCRITORIO\UVG\4TOSEMESTRE\PROGRADEMICROS\PROYECTO3\PROJECTO3.X\MAIN.ASM 313 : Found label after column 1. (ES_ADC2)
Warning[207] C:\USERS\ANGELORELLANA\ONEDRIVE\ESCRITORIO\UVG\4TOSEMESTRE\PROGRADEMICROS\PROYECTO3\PROJECTO3.X\MAIN.ASM 320 : Found label after column 1. (ES_ADC3)
Warning[207] C:\USERS\ANGELORELLANA\ONEDRIVE\ESCRITORIO\UVG\4TOSEMESTRE\PROGRADEMICROS\PROYECTO3\PROJECTO3.X\MAIN.ASM 326 : Found label after column 1. (FIN)
Warning[207] C:\USERS\ANGELORELLANA\ONEDRIVE\ESCRITORIO\UVG\4TOSEMESTRE\PROGRADEMICROS\PROYECTO3\PROJECTO3.X\MAIN.ASM 364 : Found label after column 1. (UNO)
Warning[207] C:\USERS\ANGELORELLANA\ONEDRIVE\ESCRITORIO\UVG\4TOSEMESTRE\PROGRADEMICROS\PROYECTO3\PROJECTO3.X\MAIN.ASM 367 : Found label after column 1. (DOS)
Warning[207] C:\USERS\ANGELORELLANA\ONEDRIVE\ESCRITORIO\UVG\4TOSEMESTRE\PROGRADEMICROS\PROYECTO3\PROJECTO3.X\MAIN.ASM 370 : Found label after column 1. (TRES)
Warning[207] C:\USERS\ANGELORELLANA\ONEDRIVE\ESCRITORIO\UVG\4TOSEMESTRE\PROGRADEMICROS\PROYECTO3\PROJECTO3.X\MAIN.ASM 373 : Found label after column 1. (CUATRO)
Warning[207] C:\USERS\ANGELORELLANA\ONEDRIVE\ESCRITORIO\UVG\4TOSEMESTRE\PROGRADEMICROS\PROYECTO3\PROJECTO3.X\MAIN.ASM 376 : Found label after column 1. (CINCO)
Warning[207] C:\USERS\ANGELORELLANA\ONEDRIVE\ESCRITORIO\UVG\4TOSEMESTRE\PROGRADEMICROS\PROYECTO3\PROJECTO3.X\MAIN.ASM 379 : Found label after column 1. (SEIS)
Warning[207] C:\USERS\ANGELORELLANA\ONEDRIVE\ESCRITORIO\UVG\4TOSEMESTRE\PROGRADEMICROS\PROYECTO3\PROJECTO3.X\MAIN.ASM 382 : Found label after column 1. (SIETE)
Warning[207] C:\USERS\ANGELORELLANA\ONEDRIVE\ESCRITORIO\UVG\4TOSEMESTRE\PROGRADEMICROS\PROYECTO3\PROJECTO3.X\MAIN.ASM 385 : Found label after column 1. (OCHO)
Warning[207] C:\USERS\ANGELORELLANA\ONEDRIVE\ESCRITORIO\UVG\4TOSEMESTRE\PROGRADEMICROS\PROYECTO3\PROJECTO3.X\MAIN.ASM 388 : Found label after column 1. (NUEVE)
Warning[207] C:\USERS\ANGELORELLANA\ONEDRIVE\ESCRITORIO\UVG\4TOSEMESTRE\PROGRADEMICROS\PROYECTO3\PROJECTO3.X\MAIN.ASM 391 : Found label after column 1. (DIEZ)
Warning[207] C:\USERS\ANGELORELLANA\ONEDRIVE\ESCRITORIO\UVG\4TOSEMESTRE\PROGRADEMICROS\PROYECTO3\PROJECTO3.X\MAIN.ASM 394 : Found label after column 1. (ONCE)
Warning[207] C:\USERS\ANGELORELLANA\ONEDRIVE\ESCRITORIO\UVG\4TOSEMESTRE\PROGRADEMICROS\PROYECTO3\PROJECTO3.X\MAIN.ASM 397 : Found label after column 1. (DOCE)
Warning[207] C:\USERS\ANGELORELLANA\ONEDRIVE\ESCRITORIO\UVG\4TOSEMESTRE\PROGRADEMICROS\PROYECTO3\PROJECTO3.X\MAIN.ASM 400 : Found label after column 1. (COMA)
Warning[207] C:\USERS\ANGELORELLANA\ONEDRIVE\ESCRITORIO\UVG\4TOSEMESTRE\PROGRADEMICROS\PROYECTO3\PROJECTO3.X\MAIN.ASM 403 : Found label after column 1. (FINAL)
Warning[207] C:\USERS\ANGELORELLANA\ONEDRIVE\ESCRITORIO\UVG\4TOSEMESTRE\PROGRADEMICROS\PROYECTO3\PROJECTO3.X\MAIN.ASM 406 : Found label after column 1. (ENVIAR)
Warning[207] C:\USERS\ANGELORELLANA\ONEDRIVE\ESCRITORIO\UVG\4TOSEMESTRE\PROGRADEMICROS\PROYECTO3\PROJECTO3.X\MAIN.ASM 408 : Found label after column 1. (ENVIAR_SIN_SUMA)
Warning[207] C:\USERS\ANGELORELLANA\ONEDRIVE\ESCRITORIO\UVG\4TOSEMESTRE\PROGRADEMICROS\PROYECTO3\PROJECTO3.X\MAIN.ASM 415 : Found label after column 1. (START)
Message[302] C:\USERS\ANGELORELLANA\ONEDRIVE\ESCRITORIO\UVG\4TOSEMESTRE\PROGRADEMICROS\PROYECTO3\PROJECTO3.X\MAIN.ASM 421 : Register in operand not in bank 0.  Ensure that bank bits are correct.
Message[302] C:\USERS\ANGELORELLANA\ONEDRIVE\ESCRITORIO\UVG\4TOSEMESTRE\PROGRADEMICROS\PROYECTO3\PROJECTO3.X\MAIN.ASM 422 : Register in operand not in bank 0.  Ensure that bank bits are correct.
Message[302] C:\USERS\ANGELORELLANA\ONEDRIVE\ESCRITORIO\UVG\4TOSEMESTRE\PROGRADEMICROS\PROYECTO3\PROJECTO3.X\MAIN.ASM 424 : Register in operand not in bank 0.  Ensure that bank bits are correct.
Message[302] C:\USERS\ANGELORELLANA\ONEDRIVE\ESCRITORIO\UVG\4TOSEMESTRE\PROGRADEMICROS\PROYECTO3\PROJECTO3.X\MAIN.ASM 425 : Register in operand not in bank 0.  Ensure that bank bits are correct.
Message[302] C:\USERS\ANGELORELLANA\ONEDRIVE\ESCRITORIO\UVG\4TOSEMESTRE\PROGRADEMICROS\PROYECTO3\PROJECTO3.X\MAIN.ASM 426 : Register in operand not in bank 0.  Ensure that bank bits are correct.
Message[302] C:\USERS\ANGELORELLANA\ONEDRIVE\ESCRITORIO\UVG\4TOSEMESTRE\PROGRADEMICROS\PROYECTO3\PROJECTO3.X\MAIN.ASM 427 : Register in operand not in bank 0.  Ensure that bank bits are correct.
Message[302] C:\USERS\ANGELORELLANA\ONEDRIVE\ESCRITORIO\UVG\4TOSEMESTRE\PROGRADEMICROS\PROYECTO3\PROJECTO3.X\MAIN.ASM 428 : Register in operand not in bank 0.  Ensure that bank bits are correct.
Message[302] C:\USERS\ANGELORELLANA\ONEDRIVE\ESCRITORIO\UVG\4TOSEMESTRE\PROGRADEMICROS\PROYECTO3\PROJECTO3.X\MAIN.ASM 430 : Register in operand not in bank 0.  Ensure that bank bits are correct.
Message[302] C:\USERS\ANGELORELLANA\ONEDRIVE\ESCRITORIO\UVG\4TOSEMESTRE\PROGRADEMICROS\PROYECTO3\PROJECTO3.X\MAIN.ASM 433 : Register in operand not in bank 0.  Ensure that bank bits are correct.
Message[302] C:\USERS\ANGELORELLANA\ONEDRIVE\ESCRITORIO\UVG\4TOSEMESTRE\PROGRADEMICROS\PROYECTO3\PROJECTO3.X\MAIN.ASM 434 : Register in operand not in bank 0.  Ensure that bank bits are correct.
Message[302] C:\USERS\ANGELORELLANA\ONEDRIVE\ESCRITORIO\UVG\4TOSEMESTRE\PROGRADEMICROS\PROYECTO3\PROJECTO3.X\MAIN.ASM 435 : Register in operand not in bank 0.  Ensure that bank bits are correct.
Message[302] C:\USERS\ANGELORELLANA\ONEDRIVE\ESCRITORIO\UVG\4TOSEMESTRE\PROGRADEMICROS\PROYECTO3\PROJECTO3.X\MAIN.ASM 444 : Register in operand not in bank 0.  Ensure that bank bits are correct.
Message[302] C:\USERS\ANGELORELLANA\ONEDRIVE\ESCRITORIO\UVG\4TOSEMESTRE\PROGRADEMICROS\PROYECTO3\PROJECTO3.X\MAIN.ASM 445 : Register in operand not in bank 0.  Ensure that bank bits are correct.
Message[302] C:\USERS\ANGELORELLANA\ONEDRIVE\ESCRITORIO\UVG\4TOSEMESTRE\PROGRADEMICROS\PROYECTO3\PROJECTO3.X\MAIN.ASM 448 : Register in operand not in bank 0.  Ensure that bank bits are correct.
Message[302] C:\USERS\ANGELORELLANA\ONEDRIVE\ESCRITORIO\UVG\4TOSEMESTRE\PROGRADEMICROS\PROYECTO3\PROJECTO3.X\MAIN.ASM 449 : Register in operand not in bank 0.  Ensure that bank bits are correct.
Message[302] C:\USERS\ANGELORELLANA\ONEDRIVE\ESCRITORIO\UVG\4TOSEMESTRE\PROGRADEMICROS\PROYECTO3\PROJECTO3.X\MAIN.ASM 451 : Register in operand not in bank 0.  Ensure that bank bits are correct.
Message[302] C:\USERS\ANGELORELLANA\ONEDRIVE\ESCRITORIO\UVG\4TOSEMESTRE\PROGRADEMICROS\PROYECTO3\PROJECTO3.X\MAIN.ASM 452 : Register in operand not in bank 0.  Ensure that bank bits are correct.
Message[302] C:\USERS\ANGELORELLANA\ONEDRIVE\ESCRITORIO\UVG\4TOSEMESTRE\PROGRADEMICROS\PROYECTO3\PROJECTO3.X\MAIN.ASM 453 : Register in operand not in bank 0.  Ensure that bank bits are correct.
Message[302] C:\USERS\ANGELORELLANA\ONEDRIVE\ESCRITORIO\UVG\4TOSEMESTRE\PROGRADEMICROS\PROYECTO3\PROJECTO3.X\MAIN.ASM 454 : Register in operand not in bank 0.  Ensure that bank bits are correct.
Message[302] C:\USERS\ANGELORELLANA\ONEDRIVE\ESCRITORIO\UVG\4TOSEMESTRE\PROGRADEMICROS\PROYECTO3\PROJECTO3.X\MAIN.ASM 457 : Register in operand not in bank 0.  Ensure that bank bits are correct.
Warning[207] C:\USERS\ANGELORELLANA\ONEDRIVE\ESCRITORIO\UVG\4TOSEMESTRE\PROGRADEMICROS\PROYECTO3\PROJECTO3.X\MAIN.ASM 537 : Found label after column 1. (SA)
Warning[207] C:\USERS\ANGELORELLANA\ONEDRIVE\ESCRITORIO\UVG\4TOSEMESTRE\PROGRADEMICROS\PROYECTO3\PROJECTO3.X\MAIN.ASM 547 : Found label after column 1. (ANALOGICO)
Warning[207] C:\USERS\ANGELORELLANA\ONEDRIVE\ESCRITORIO\UVG\4TOSEMESTRE\PROGRADEMICROS\PROYECTO3\PROJECTO3.X\MAIN.ASM 561 : Found label after column 1. (COMPUTADORA)
Warning[207] C:\USERS\ANGELORELLANA\ONEDRIVE\ESCRITORIO\UVG\4TOSEMESTRE\PROGRADEMICROS\PROYECTO3\PROJECTO3.X\MAIN.ASM 600 : Found label after column 1. (SECUENCIADO)
Warning[207] C:\USERS\ANGELORELLANA\ONEDRIVE\ESCRITORIO\UVG\4TOSEMESTRE\PROGRADEMICROS\PROYECTO3\PROJECTO3.X\MAIN.ASM 610 : Found label after column 1. (CARGA_VALORES_EEPROM)
Warning[207] C:\USERS\ANGELORELLANA\ONEDRIVE\ESCRITORIO\UVG\4TOSEMESTRE\PROGRADEMICROS\PROYECTO3\PROJECTO3.X\MAIN.ASM 635 : Found label after column 1. (CONVERSION)
Message[305] C:\USERS\ANGELORELLANA\ONEDRIVE\ESCRITORIO\UVG\4TOSEMESTRE\PROGRADEMICROS\PROYECTO3\PROJECTO3.X\MAIN.ASM 646 : Using default destination of 1 (file).
Warning[207] C:\USERS\ANGELORELLANA\ONEDRIVE\ESCRITORIO\UVG\4TOSEMESTRE\PROGRADEMICROS\PROYECTO3\PROJECTO3.X\MAIN.ASM 694 : Found label after column 1. (SEGUIR_CON_GUARDAR)
Warning[207] C:\USERS\ANGELORELLANA\ONEDRIVE\ESCRITORIO\UVG\4TOSEMESTRE\PROGRADEMICROS\PROYECTO3\PROJECTO3.X\MAIN.ASM 732 : Found label after column 1. (CENTENAS_CONVERTIR)
Warning[207] C:\USERS\ANGELORELLANA\ONEDRIVE\ESCRITORIO\UVG\4TOSEMESTRE\PROGRADEMICROS\PROYECTO3\PROJECTO3.X\MAIN.ASM 738 : Found label after column 1. (SUMAR_CENTENA)
Warning[207] C:\USERS\ANGELORELLANA\ONEDRIVE\ESCRITORIO\UVG\4TOSEMESTRE\PROGRADEMICROS\PROYECTO3\PROJECTO3.X\MAIN.ASM 742 : Found label after column 1. (DECENAS_CONVERTIR)
Warning[207] C:\USERS\ANGELORELLANA\ONEDRIVE\ESCRITORIO\UVG\4TOSEMESTRE\PROGRADEMICROS\PROYECTO3\PROJECTO3.X\MAIN.ASM 748 : Found label after column 1. (SUMAR_DECENA)
Warning[207] C:\USERS\ANGELORELLANA\ONEDRIVE\ESCRITORIO\UVG\4TOSEMESTRE\PROGRADEMICROS\PROYECTO3\PROJECTO3.X\MAIN.ASM 752 : Found label after column 1. (UNIDADES_CONVERTIR)
Warning[207] C:\USERS\ANGELORELLANA\ONEDRIVE\ESCRITORIO\UVG\4TOSEMESTRE\PROGRADEMICROS\PROYECTO3\PROJECTO3.X\MAIN.ASM 758 : Found label after column 1. (SUMAR_UNIDADES)
Warning[207] C:\USERS\ANGELORELLANA\ONEDRIVE\ESCRITORIO\UVG\4TOSEMESTRE\PROGRADEMICROS\PROYECTO3\PROJECTO3.X\MAIN.ASM 768 : Found label after column 1. (CENTENAS)
Warning[207] C:\USERS\ANGELORELLANA\ONEDRIVE\ESCRITORIO\UVG\4TOSEMESTRE\PROGRADEMICROS\PROYECTO3\PROJECTO3.X\MAIN.ASM 780 : Found label after column 1. (DECENAS)
Warning[207] C:\USERS\ANGELORELLANA\ONEDRIVE\ESCRITORIO\UVG\4TOSEMESTRE\PROGRADEMICROS\PROYECTO3\PROJECTO3.X\MAIN.ASM 790 : Found label after column 1. (UNIDADES)
Warning[207] C:\USERS\ANGELORELLANA\ONEDRIVE\ESCRITORIO\UVG\4TOSEMESTRE\PROGRADEMICROS\PROYECTO3\PROJECTO3.X\MAIN.ASM 800 : Found label after column 1. (GUARDAR)
Message[302] C:\USERS\ANGELORELLANA\ONEDRIVE\ESCRITORIO\UVG\4TOSEMESTRE\PROGRADEMICROS\PROYECTO3\PROJECTO3.X\MAIN.ASM 836 : Register in operand not in bank 0.  Ensure that bank bits are correct.
Message[302] C:\USERS\ANGELORELLANA\ONEDRIVE\ESCRITORIO\UVG\4TOSEMESTRE\PROGRADEMICROS\PROYECTO3\PROJECTO3.X\MAIN.ASM 846 : Register in operand not in bank 0.  Ensure that bank bits are correct.
Message[302] C:\USERS\ANGELORELLANA\ONEDRIVE\ESCRITORIO\UVG\4TOSEMESTRE\PROGRADEMICROS\PROYECTO3\PROJECTO3.X\MAIN.ASM 849 : Register in operand not in bank 0.  Ensure that bank bits are correct.
Message[302] C:\USERS\ANGELORELLANA\ONEDRIVE\ESCRITORIO\UVG\4TOSEMESTRE\PROGRADEMICROS\PROYECTO3\PROJECTO3.X\MAIN.ASM 852 : Register in operand not in bank 0.  Ensure that bank bits are correct.
Message[302] C:\USERS\ANGELORELLANA\ONEDRIVE\ESCRITORIO\UVG\4TOSEMESTRE\PROGRADEMICROS\PROYECTO3\PROJECTO3.X\MAIN.ASM 854 : Register in operand not in bank 0.  Ensure that bank bits are correct.
Message[302] C:\USERS\ANGELORELLANA\ONEDRIVE\ESCRITORIO\UVG\4TOSEMESTRE\PROGRADEMICROS\PROYECTO3\PROJECTO3.X\MAIN.ASM 856 : Register in operand not in bank 0.  Ensure that bank bits are correct.
Message[302] C:\USERS\ANGELORELLANA\ONEDRIVE\ESCRITORIO\UVG\4TOSEMESTRE\PROGRADEMICROS\PROYECTO3\PROJECTO3.X\MAIN.ASM 857 : Register in operand not in bank 0.  Ensure that bank bits are correct.
Message[302] C:\USERS\ANGELORELLANA\ONEDRIVE\ESCRITORIO\UVG\4TOSEMESTRE\PROGRADEMICROS\PROYECTO3\PROJECTO3.X\MAIN.ASM 859 : Register in operand not in bank 0.  Ensure that bank bits are correct.
Message[302] C:\USERS\ANGELORELLANA\ONEDRIVE\ESCRITORIO\UVG\4TOSEMESTRE\PROGRADEMICROS\PROYECTO3\PROJECTO3.X\MAIN.ASM 876 : Register in operand not in bank 0.  Ensure that bank bits are correct.
Message[302] C:\USERS\ANGELORELLANA\ONEDRIVE\ESCRITORIO\UVG\4TOSEMESTRE\PROGRADEMICROS\PROYECTO3\PROJECTO3.X\MAIN.ASM 881 : Register in operand not in bank 0.  Ensure that bank bits are correct.
Message[302] C:\USERS\ANGELORELLANA\ONEDRIVE\ESCRITORIO\UVG\4TOSEMESTRE\PROGRADEMICROS\PROYECTO3\PROJECTO3.X\MAIN.ASM 885 : Register in operand not in bank 0.  Ensure that bank bits are correct.
Warning[207] C:\USERS\ANGELORELLANA\ONEDRIVE\ESCRITORIO\UVG\4TOSEMESTRE\PROGRADEMICROS\PROYECTO3\PROJECTO3.X\MAIN.ASM 897 : Found label after column 1. (DEL)
