Warning[207] C:\USERS\ANGELORELLANA\ONEDRIVE\ESCRITORIO\UVG\4TOSEMESTRE\PROGRADEMICROS\PROYECTO3\PROJECTO3.X\MAIN.ASM 16 : Found label after column 1. (VALORTMR0)
Warning[207] C:\USERS\ANGELORELLANA\ONEDRIVE\ESCRITORIO\UVG\4TOSEMESTRE\PROGRADEMICROS\PROYECTO3\PROJECTO3.X\MAIN.ASM 17 : Found label after column 1. (PERIODO)
Warning[207] C:\USERS\ANGELORELLANA\ONEDRIVE\ESCRITORIO\UVG\4TOSEMESTRE\PROGRADEMICROS\PROYECTO3\PROJECTO3.X\MAIN.ASM 18 : Found label after column 1. (T1H)
Warning[207] C:\USERS\ANGELORELLANA\ONEDRIVE\ESCRITORIO\UVG\4TOSEMESTRE\PROGRADEMICROS\PROYECTO3\PROJECTO3.X\MAIN.ASM 20 : Found label after column 1. (VARS)
Warning[207] C:\USERS\ANGELORELLANA\ONEDRIVE\ESCRITORIO\UVG\4TOSEMESTRE\PROGRADEMICROS\PROYECTO3\PROJECTO3.X\MAIN.ASM 22 : Found label after column 1. (ADC0)
Warning[207] C:\USERS\ANGELORELLANA\ONEDRIVE\ESCRITORIO\UVG\4TOSEMESTRE\PROGRADEMICROS\PROYECTO3\PROJECTO3.X\MAIN.ASM 23 : Found label after column 1. (ADC1)
Warning[207] C:\USERS\ANGELORELLANA\ONEDRIVE\ESCRITORIO\UVG\4TOSEMESTRE\PROGRADEMICROS\PROYECTO3\PROJECTO3.X\MAIN.ASM 24 : Found label after column 1. (ADC2)
Warning[207] C:\USERS\ANGELORELLANA\ONEDRIVE\ESCRITORIO\UVG\4TOSEMESTRE\PROGRADEMICROS\PROYECTO3\PROJECTO3.X\MAIN.ASM 25 : Found label after column 1. (ADC3)
Warning[207] C:\USERS\ANGELORELLANA\ONEDRIVE\ESCRITORIO\UVG\4TOSEMESTRE\PROGRADEMICROS\PROYECTO3\PROJECTO3.X\MAIN.ASM 26 : Found label after column 1. (CONTADOR_ADC)
Warning[207] C:\USERS\ANGELORELLANA\ONEDRIVE\ESCRITORIO\UVG\4TOSEMESTRE\PROGRADEMICROS\PROYECTO3\PROJECTO3.X\MAIN.ASM 29 : Found label after column 1. (OPCION)
Warning[207] C:\USERS\ANGELORELLANA\ONEDRIVE\ESCRITORIO\UVG\4TOSEMESTRE\PROGRADEMICROS\PROYECTO3\PROJECTO3.X\MAIN.ASM 30 : Found label after column 1. (FLAGS)
Warning[207] C:\USERS\ANGELORELLANA\ONEDRIVE\ESCRITORIO\UVG\4TOSEMESTRE\PROGRADEMICROS\PROYECTO3\PROJECTO3.X\MAIN.ASM 32 : Found label after column 1. (DELAYMS)
Warning[207] C:\USERS\ANGELORELLANA\ONEDRIVE\ESCRITORIO\UVG\4TOSEMESTRE\PROGRADEMICROS\PROYECTO3\PROJECTO3.X\MAIN.ASM 33 : Found label after column 1. (DELAY2)
Warning[207] C:\USERS\ANGELORELLANA\ONEDRIVE\ESCRITORIO\UVG\4TOSEMESTRE\PROGRADEMICROS\PROYECTO3\PROJECTO3.X\MAIN.ASM 34 : Found label after column 1. (PORTA_ANTERIOR)
Warning[207] C:\USERS\ANGELORELLANA\ONEDRIVE\ESCRITORIO\UVG\4TOSEMESTRE\PROGRADEMICROS\PROYECTO3\PROJECTO3.X\MAIN.ASM 35 : Found label after column 1. (PORTA_ACTUAL)
Warning[207] C:\USERS\ANGELORELLANA\ONEDRIVE\ESCRITORIO\UVG\4TOSEMESTRE\PROGRADEMICROS\PROYECTO3\PROJECTO3.X\MAIN.ASM 38 : Found label after column 1. (W_RAM)
Warning[207] C:\USERS\ANGELORELLANA\ONEDRIVE\ESCRITORIO\UVG\4TOSEMESTRE\PROGRADEMICROS\PROYECTO3\PROJECTO3.X\MAIN.ASM 39 : Found label after column 1. (STATUS_RAM)
Warning[207] C:\USERS\ANGELORELLANA\ONEDRIVE\ESCRITORIO\UVG\4TOSEMESTRE\PROGRADEMICROS\PROYECTO3\PROJECTO3.X\MAIN.ASM 40 : Found label after column 1. (FSR_RAM)
Warning[207] C:\USERS\ANGELORELLANA\ONEDRIVE\ESCRITORIO\UVG\4TOSEMESTRE\PROGRADEMICROS\PROYECTO3\PROJECTO3.X\MAIN.ASM 42 : Found label after column 1. (PWM0)
Warning[207] C:\USERS\ANGELORELLANA\ONEDRIVE\ESCRITORIO\UVG\4TOSEMESTRE\PROGRADEMICROS\PROYECTO3\PROJECTO3.X\MAIN.ASM 43 : Found label after column 1. (PWM1)
Warning[207] C:\USERS\ANGELORELLANA\ONEDRIVE\ESCRITORIO\UVG\4TOSEMESTRE\PROGRADEMICROS\PROYECTO3\PROJECTO3.X\MAIN.ASM 44 : Found label after column 1. (PWM2)
Warning[207] C:\USERS\ANGELORELLANA\ONEDRIVE\ESCRITORIO\UVG\4TOSEMESTRE\PROGRADEMICROS\PROYECTO3\PROJECTO3.X\MAIN.ASM 49 : Found label after column 1. (AJUSTE_PWM)
Warning[207] C:\USERS\ANGELORELLANA\ONEDRIVE\ESCRITORIO\UVG\4TOSEMESTRE\PROGRADEMICROS\PROYECTO3\PROJECTO3.X\MAIN.ASM 51 : Found label after column 1. (TRABAJO1)
Warning[207] C:\USERS\ANGELORELLANA\ONEDRIVE\ESCRITORIO\UVG\4TOSEMESTRE\PROGRADEMICROS\PROYECTO3\PROJECTO3.X\MAIN.ASM 52 : Found label after column 1. (TRABAJO2)
Warning[207] C:\USERS\ANGELORELLANA\ONEDRIVE\ESCRITORIO\UVG\4TOSEMESTRE\PROGRADEMICROS\PROYECTO3\PROJECTO3.X\MAIN.ASM 53 : Found label after column 1. (SECUENCIA)
Warning[207] C:\USERS\ANGELORELLANA\ONEDRIVE\ESCRITORIO\UVG\4TOSEMESTRE\PROGRADEMICROS\PROYECTO3\PROJECTO3.X\MAIN.ASM 56 : Found label after column 1. (CONTADOR_TX)
Warning[207] C:\USERS\ANGELORELLANA\ONEDRIVE\ESCRITORIO\UVG\4TOSEMESTRE\PROGRADEMICROS\PROYECTO3\PROJECTO3.X\MAIN.ASM 57 : Found label after column 1. (CONTADOR_RC)
Warning[207] C:\USERS\ANGELORELLANA\ONEDRIVE\ESCRITORIO\UVG\4TOSEMESTRE\PROGRADEMICROS\PROYECTO3\PROJECTO3.X\MAIN.ASM 59 : Found label after column 1. (SERVO0_CENTENAS_RX)
Warning[207] C:\USERS\ANGELORELLANA\ONEDRIVE\ESCRITORIO\UVG\4TOSEMESTRE\PROGRADEMICROS\PROYECTO3\PROJECTO3.X\MAIN.ASM 60 : Found label after column 1. (SERVO0_DECENAS_RX)
Warning[207] C:\USERS\ANGELORELLANA\ONEDRIVE\ESCRITORIO\UVG\4TOSEMESTRE\PROGRADEMICROS\PROYECTO3\PROJECTO3.X\MAIN.ASM 61 : Found label after column 1. (SERVO0_UNIDADES_RX)
Warning[207] C:\USERS\ANGELORELLANA\ONEDRIVE\ESCRITORIO\UVG\4TOSEMESTRE\PROGRADEMICROS\PROYECTO3\PROJECTO3.X\MAIN.ASM 63 : Found label after column 1. (SERVO1_CENTENAS_RX)
Warning[207] C:\USERS\ANGELORELLANA\ONEDRIVE\ESCRITORIO\UVG\4TOSEMESTRE\PROGRADEMICROS\PROYECTO3\PROJECTO3.X\MAIN.ASM 64 : Found label after column 1. (SERVO1_DECENAS_RX)
Warning[207] C:\USERS\ANGELORELLANA\ONEDRIVE\ESCRITORIO\UVG\4TOSEMESTRE\PROGRADEMICROS\PROYECTO3\PROJECTO3.X\MAIN.ASM 65 : Found label after column 1. (SERVO1_UNIDADES_RX)
Warning[207] C:\USERS\ANGELORELLANA\ONEDRIVE\ESCRITORIO\UVG\4TOSEMESTRE\PROGRADEMICROS\PROYECTO3\PROJECTO3.X\MAIN.ASM 67 : Found label after column 1. (SERVO2_CENTENAS_RX)
Warning[207] C:\USERS\ANGELORELLANA\ONEDRIVE\ESCRITORIO\UVG\4TOSEMESTRE\PROGRADEMICROS\PROYECTO3\PROJECTO3.X\MAIN.ASM 68 : Found label after column 1. (SERVO2_DECENAS_RX)
Warning[207] C:\USERS\ANGELORELLANA\ONEDRIVE\ESCRITORIO\UVG\4TOSEMESTRE\PROGRADEMICROS\PROYECTO3\PROJECTO3.X\MAIN.ASM 69 : Found label after column 1. (SERVO2_UNIDADES_RX)
Warning[207] C:\USERS\ANGELORELLANA\ONEDRIVE\ESCRITORIO\UVG\4TOSEMESTRE\PROGRADEMICROS\PROYECTO3\PROJECTO3.X\MAIN.ASM 71 : Found label after column 1. (SERVO3_CENTENAS_RX)
Warning[207] C:\USERS\ANGELORELLANA\ONEDRIVE\ESCRITORIO\UVG\4TOSEMESTRE\PROGRADEMICROS\PROYECTO3\PROJECTO3.X\MAIN.ASM 72 : Found label after column 1. (SERVO3_DECENAS_RX)
Warning[207] C:\USERS\ANGELORELLANA\ONEDRIVE\ESCRITORIO\UVG\4TOSEMESTRE\PROGRADEMICROS\PROYECTO3\PROJECTO3.X\MAIN.ASM 73 : Found label after column 1. (SERVO3_UNIDADES_RX)
Warning[207] C:\USERS\ANGELORELLANA\ONEDRIVE\ESCRITORIO\UVG\4TOSEMESTRE\PROGRADEMICROS\PROYECTO3\PROJECTO3.X\MAIN.ASM 75 : Found label after column 1. (SERVO_GUARDAR)
Warning[207] C:\USERS\ANGELORELLANA\ONEDRIVE\ESCRITORIO\UVG\4TOSEMESTRE\PROGRADEMICROS\PROYECTO3\PROJECTO3.X\MAIN.ASM 76 : Found label after column 1. (RC_AUX)
Warning[207] C:\USERS\ANGELORELLANA\ONEDRIVE\ESCRITORIO\UVG\4TOSEMESTRE\PROGRADEMICROS\PROYECTO3\PROJECTO3.X\MAIN.ASM 78 : Found label after column 1. (VALOR_CENTENAS_SERVO0)
Warning[207] C:\USERS\ANGELORELLANA\ONEDRIVE\ESCRITORIO\UVG\4TOSEMESTRE\PROGRADEMICROS\PROYECTO3\PROJECTO3.X\MAIN.ASM 79 : Found label after column 1. (VALOR_DECENAS_SERVO0)
Warning[207] C:\USERS\ANGELORELLANA\ONEDRIVE\ESCRITORIO\UVG\4TOSEMESTRE\PROGRADEMICROS\PROYECTO3\PROJECTO3.X\MAIN.ASM 80 : Found label after column 1. (VALOR_UNIDADES_SERVO0)
Warning[207] C:\USERS\ANGELORELLANA\ONEDRIVE\ESCRITORIO\UVG\4TOSEMESTRE\PROGRADEMICROS\PROYECTO3\PROJECTO3.X\MAIN.ASM 82 : Found label after column 1. (VALOR_CENTENAS_SERVO2)
Warning[207] C:\USERS\ANGELORELLANA\ONEDRIVE\ESCRITORIO\UVG\4TOSEMESTRE\PROGRADEMICROS\PROYECTO3\PROJECTO3.X\MAIN.ASM 83 : Found label after column 1. (VALOR_DECENAS_SERVO2)
Warning[207] C:\USERS\ANGELORELLANA\ONEDRIVE\ESCRITORIO\UVG\4TOSEMESTRE\PROGRADEMICROS\PROYECTO3\PROJECTO3.X\MAIN.ASM 84 : Found label after column 1. (VALOR_UNIDADES_SERVO2)
Warning[207] C:\USERS\ANGELORELLANA\ONEDRIVE\ESCRITORIO\UVG\4TOSEMESTRE\PROGRADEMICROS\PROYECTO3\PROJECTO3.X\MAIN.ASM 86 : Found label after column 1. (VALOR_CENTENAS_SERVO3)
Warning[207] C:\USERS\ANGELORELLANA\ONEDRIVE\ESCRITORIO\UVG\4TOSEMESTRE\PROGRADEMICROS\PROYECTO3\PROJECTO3.X\MAIN.ASM 87 : Found label after column 1. (VALOR_DECENAS_SERVO3)
Warning[207] C:\USERS\ANGELORELLANA\ONEDRIVE\ESCRITORIO\UVG\4TOSEMESTRE\PROGRADEMICROS\PROYECTO3\PROJECTO3.X\MAIN.ASM 88 : Found label after column 1. (VALOR_UNIDADES_SERVO3)
Warning[207] C:\USERS\ANGELORELLANA\ONEDRIVE\ESCRITORIO\UVG\4TOSEMESTRE\PROGRADEMICROS\PROYECTO3\PROJECTO3.X\MAIN.ASM 90 : Found label after column 1. (VALOR_CENTENAS_SERVO1)
Warning[207] C:\USERS\ANGELORELLANA\ONEDRIVE\ESCRITORIO\UVG\4TOSEMESTRE\PROGRADEMICROS\PROYECTO3\PROJECTO3.X\MAIN.ASM 91 : Found label after column 1. (VALOR_DECENAS_SERVO1)
Warning[207] C:\USERS\ANGELORELLANA\ONEDRIVE\ESCRITORIO\UVG\4TOSEMESTRE\PROGRADEMICROS\PROYECTO3\PROJECTO3.X\MAIN.ASM 92 : Found label after column 1. (VALOR_UNIDADES_SERVO1)
Warning[207] C:\USERS\ANGELORELLANA\ONEDRIVE\ESCRITORIO\UVG\4TOSEMESTRE\PROGRADEMICROS\PROYECTO3\PROJECTO3.X\MAIN.ASM 95 : Found label after column 1. (VALOR_BIN)
Warning[207] C:\USERS\ANGELORELLANA\ONEDRIVE\ESCRITORIO\UVG\4TOSEMESTRE\PROGRADEMICROS\PROYECTO3\PROJECTO3.X\MAIN.ASM 96 : Found label after column 1. (VALOR_CENTENAS)
Warning[207] C:\USERS\ANGELORELLANA\ONEDRIVE\ESCRITORIO\UVG\4TOSEMESTRE\PROGRADEMICROS\PROYECTO3\PROJECTO3.X\MAIN.ASM 97 : Found label after column 1. (VALOR_DECENAS)
Warning[207] C:\USERS\ANGELORELLANA\ONEDRIVE\ESCRITORIO\UVG\4TOSEMESTRE\PROGRADEMICROS\PROYECTO3\PROJECTO3.X\MAIN.ASM 98 : Found label after column 1. (VALOR_UNIDADES)
Warning[207] C:\USERS\ANGELORELLANA\ONEDRIVE\ESCRITORIO\UVG\4TOSEMESTRE\PROGRADEMICROS\PROYECTO3\PROJECTO3.X\MAIN.ASM 101 : Found label after column 1. (BIN_SERVO0)
Warning[207] C:\USERS\ANGELORELLANA\ONEDRIVE\ESCRITORIO\UVG\4TOSEMESTRE\PROGRADEMICROS\PROYECTO3\PROJECTO3.X\MAIN.ASM 102 : Found label after column 1. (BIN_SERVO1)
Warning[207] C:\USERS\ANGELORELLANA\ONEDRIVE\ESCRITORIO\UVG\4TOSEMESTRE\PROGRADEMICROS\PROYECTO3\PROJECTO3.X\MAIN.ASM 103 : Found label after column 1. (BIN_SERVO2)
Warning[207] C:\USERS\ANGELORELLANA\ONEDRIVE\ESCRITORIO\UVG\4TOSEMESTRE\PROGRADEMICROS\PROYECTO3\PROJECTO3.X\MAIN.ASM 104 : Found label after column 1. (BIN_SERVO3)
Warning[207] C:\USERS\ANGELORELLANA\ONEDRIVE\ESCRITORIO\UVG\4TOSEMESTRE\PROGRADEMICROS\PROYECTO3\PROJECTO3.X\MAIN.ASM 106 : Found label after column 1. (DIR_LECTURA)
Warning[207] C:\USERS\ANGELORELLANA\ONEDRIVE\ESCRITORIO\UVG\4TOSEMESTRE\PROGRADEMICROS\PROYECTO3\PROJECTO3.X\MAIN.ASM 107 : Found label after column 1. (EEPROM_READ)
Warning[207] C:\USERS\ANGELORELLANA\ONEDRIVE\ESCRITORIO\UVG\4TOSEMESTRE\PROGRADEMICROS\PROYECTO3\PROJECTO3.X\MAIN.ASM 108 : Found label after column 1. (DIR_EEPROM)
Warning[207] C:\USERS\ANGELORELLANA\ONEDRIVE\ESCRITORIO\UVG\4TOSEMESTRE\PROGRADEMICROS\PROYECTO3\PROJECTO3.X\MAIN.ASM 109 : Found label after column 1. (VALOR_EEPROM)
Warning[207] C:\USERS\ANGELORELLANA\ONEDRIVE\ESCRITORIO\UVG\4TOSEMESTRE\PROGRADEMICROS\PROYECTO3\PROJECTO3.X\MAIN.ASM 111 : Found label after column 1. (CONTADOR_TMR1)
Warning[207] C:\USERS\ANGELORELLANA\ONEDRIVE\ESCRITORIO\UVG\4TOSEMESTRE\PROGRADEMICROS\PROYECTO3\PROJECTO3.X\MAIN.ASM 138 : Found label after column 1. (INICIO_PERIODO)
Warning[207] C:\USERS\ANGELORELLANA\ONEDRIVE\ESCRITORIO\UVG\4TOSEMESTRE\PROGRADEMICROS\PROYECTO3\PROJECTO3.X\MAIN.ASM 146 : Found label after column 1. (VAL_PWM1)
Warning[207] C:\USERS\ANGELORELLANA\ONEDRIVE\ESCRITORIO\UVG\4TOSEMESTRE\PROGRADEMICROS\PROYECTO3\PROJECTO3.X\MAIN.ASM 155 : Found label after column 1. (VAL_PWM2)
Warning[207] C:\USERS\ANGELORELLANA\ONEDRIVE\ESCRITORIO\UVG\4TOSEMESTRE\PROGRADEMICROS\PROYECTO3\PROJECTO3.X\MAIN.ASM 175 : Found label after column 1. (CARGA_VALORES_EEPROM)
Warning[207] C:\USERS\ANGELORELLANA\ONEDRIVE\ESCRITORIO\UVG\4TOSEMESTRE\PROGRADEMICROS\PROYECTO3\PROJECTO3.X\MAIN.ASM 199 : Found label after column 1. (FINAL_TMR1)
Warning[207] C:\USERS\ANGELORELLANA\ONEDRIVE\ESCRITORIO\UVG\4TOSEMESTRE\PROGRADEMICROS\PROYECTO3\PROJECTO3.X\MAIN.ASM 224 : Found label after column 1. (VALOR0)
Warning[207] C:\USERS\ANGELORELLANA\ONEDRIVE\ESCRITORIO\UVG\4TOSEMESTRE\PROGRADEMICROS\PROYECTO3\PROJECTO3.X\MAIN.ASM 241 : Found label after column 1. (VALOR1)
Warning[207] C:\USERS\ANGELORELLANA\ONEDRIVE\ESCRITORIO\UVG\4TOSEMESTRE\PROGRADEMICROS\PROYECTO3\PROJECTO3.X\MAIN.ASM 251 : Found label after column 1. (VALOR2)
Warning[207] C:\USERS\ANGELORELLANA\ONEDRIVE\ESCRITORIO\UVG\4TOSEMESTRE\PROGRADEMICROS\PROYECTO3\PROJECTO3.X\MAIN.ASM 261 : Found label after column 1. (VALOR3)
Warning[207] C:\USERS\ANGELORELLANA\ONEDRIVE\ESCRITORIO\UVG\4TOSEMESTRE\PROGRADEMICROS\PROYECTO3\PROJECTO3.X\MAIN.ASM 270 : Found label after column 1. (FIN_VALOR)
Warning[207] C:\USERS\ANGELORELLANA\ONEDRIVE\ESCRITORIO\UVG\4TOSEMESTRE\PROGRADEMICROS\PROYECTO3\PROJECTO3.X\MAIN.ASM 281 : Found label after column 1. (VER_VALOR)
Warning[207] C:\USERS\ANGELORELLANA\ONEDRIVE\ESCRITORIO\UVG\4TOSEMESTRE\PROGRADEMICROS\PROYECTO3\PROJECTO3.X\MAIN.ASM 291 : Found label after column 1. (SERVO1)
Warning[207] C:\USERS\ANGELORELLANA\ONEDRIVE\ESCRITORIO\UVG\4TOSEMESTRE\PROGRADEMICROS\PROYECTO3\PROJECTO3.X\MAIN.ASM 301 : Found label after column 1. (SERVO2)
Warning[207] C:\USERS\ANGELORELLANA\ONEDRIVE\ESCRITORIO\UVG\4TOSEMESTRE\PROGRADEMICROS\PROYECTO3\PROJECTO3.X\MAIN.ASM 311 : Found label after column 1. (SERVO3)
Warning[207] C:\USERS\ANGELORELLANA\ONEDRIVE\ESCRITORIO\UVG\4TOSEMESTRE\PROGRADEMICROS\PROYECTO3\PROJECTO3.X\MAIN.ASM 321 : Found label after column 1. (VER_GUARDAR)
Warning[207] C:\USERS\ANGELORELLANA\ONEDRIVE\ESCRITORIO\UVG\4TOSEMESTRE\PROGRADEMICROS\PROYECTO3\PROJECTO3.X\MAIN.ASM 329 : Found label after column 1. (ERASE)
Warning[207] C:\USERS\ANGELORELLANA\ONEDRIVE\ESCRITORIO\UVG\4TOSEMESTRE\PROGRADEMICROS\PROYECTO3\PROJECTO3.X\MAIN.ASM 336 : Found label after column 1. (NLOG)
Warning[207] C:\USERS\ANGELORELLANA\ONEDRIVE\ESCRITORIO\UVG\4TOSEMESTRE\PROGRADEMICROS\PROYECTO3\PROJECTO3.X\MAIN.ASM 343 : Found label after column 1. (COMPUTER)
Warning[207] C:\USERS\ANGELORELLANA\ONEDRIVE\ESCRITORIO\UVG\4TOSEMESTRE\PROGRADEMICROS\PROYECTO3\PROJECTO3.X\MAIN.ASM 350 : Found label after column 1. (SECU)
Warning[207] C:\USERS\ANGELORELLANA\ONEDRIVE\ESCRITORIO\UVG\4TOSEMESTRE\PROGRADEMICROS\PROYECTO3\PROJECTO3.X\MAIN.ASM 357 : Found label after column 1. (NO_SERVO)
Warning[207] C:\USERS\ANGELORELLANA\ONEDRIVE\ESCRITORIO\UVG\4TOSEMESTRE\PROGRADEMICROS\PROYECTO3\PROJECTO3.X\MAIN.ASM 374 : Found label after column 1. (ES_ADC0)
Warning[207] C:\USERS\ANGELORELLANA\ONEDRIVE\ESCRITORIO\UVG\4TOSEMESTRE\PROGRADEMICROS\PROYECTO3\PROJECTO3.X\MAIN.ASM 381 : Found label after column 1. (ES_ADC1)
Warning[207] C:\USERS\ANGELORELLANA\ONEDRIVE\ESCRITORIO\UVG\4TOSEMESTRE\PROGRADEMICROS\PROYECTO3\PROJECTO3.X\MAIN.ASM 388 : Found label after column 1. (ES_ADC2)
Warning[207] C:\USERS\ANGELORELLANA\ONEDRIVE\ESCRITORIO\UVG\4TOSEMESTRE\PROGRADEMICROS\PROYECTO3\PROJECTO3.X\MAIN.ASM 395 : Found label after column 1. (ES_ADC3)
Warning[207] C:\USERS\ANGELORELLANA\ONEDRIVE\ESCRITORIO\UVG\4TOSEMESTRE\PROGRADEMICROS\PROYECTO3\PROJECTO3.X\MAIN.ASM 401 : Found label after column 1. (FIN)
Warning[207] C:\USERS\ANGELORELLANA\ONEDRIVE\ESCRITORIO\UVG\4TOSEMESTRE\PROGRADEMICROS\PROYECTO3\PROJECTO3.X\MAIN.ASM 439 : Found label after column 1. (UNO)
Warning[207] C:\USERS\ANGELORELLANA\ONEDRIVE\ESCRITORIO\UVG\4TOSEMESTRE\PROGRADEMICROS\PROYECTO3\PROJECTO3.X\MAIN.ASM 442 : Found label after column 1. (DOS)
Warning[207] C:\USERS\ANGELORELLANA\ONEDRIVE\ESCRITORIO\UVG\4TOSEMESTRE\PROGRADEMICROS\PROYECTO3\PROJECTO3.X\MAIN.ASM 445 : Found label after column 1. (TRES)
Warning[207] C:\USERS\ANGELORELLANA\ONEDRIVE\ESCRITORIO\UVG\4TOSEMESTRE\PROGRADEMICROS\PROYECTO3\PROJECTO3.X\MAIN.ASM 448 : Found label after column 1. (CUATRO)
Warning[207] C:\USERS\ANGELORELLANA\ONEDRIVE\ESCRITORIO\UVG\4TOSEMESTRE\PROGRADEMICROS\PROYECTO3\PROJECTO3.X\MAIN.ASM 451 : Found label after column 1. (CINCO)
Warning[207] C:\USERS\ANGELORELLANA\ONEDRIVE\ESCRITORIO\UVG\4TOSEMESTRE\PROGRADEMICROS\PROYECTO3\PROJECTO3.X\MAIN.ASM 454 : Found label after column 1. (SEIS)
Warning[207] C:\USERS\ANGELORELLANA\ONEDRIVE\ESCRITORIO\UVG\4TOSEMESTRE\PROGRADEMICROS\PROYECTO3\PROJECTO3.X\MAIN.ASM 457 : Found label after column 1. (SIETE)
Warning[207] C:\USERS\ANGELORELLANA\ONEDRIVE\ESCRITORIO\UVG\4TOSEMESTRE\PROGRADEMICROS\PROYECTO3\PROJECTO3.X\MAIN.ASM 460 : Found label after column 1. (OCHO)
Warning[207] C:\USERS\ANGELORELLANA\ONEDRIVE\ESCRITORIO\UVG\4TOSEMESTRE\PROGRADEMICROS\PROYECTO3\PROJECTO3.X\MAIN.ASM 463 : Found label after column 1. (NUEVE)
Warning[207] C:\USERS\ANGELORELLANA\ONEDRIVE\ESCRITORIO\UVG\4TOSEMESTRE\PROGRADEMICROS\PROYECTO3\PROJECTO3.X\MAIN.ASM 466 : Found label after column 1. (DIEZ)
Warning[207] C:\USERS\ANGELORELLANA\ONEDRIVE\ESCRITORIO\UVG\4TOSEMESTRE\PROGRADEMICROS\PROYECTO3\PROJECTO3.X\MAIN.ASM 469 : Found label after column 1. (ONCE)
Warning[207] C:\USERS\ANGELORELLANA\ONEDRIVE\ESCRITORIO\UVG\4TOSEMESTRE\PROGRADEMICROS\PROYECTO3\PROJECTO3.X\MAIN.ASM 472 : Found label after column 1. (DOCE)
Warning[207] C:\USERS\ANGELORELLANA\ONEDRIVE\ESCRITORIO\UVG\4TOSEMESTRE\PROGRADEMICROS\PROYECTO3\PROJECTO3.X\MAIN.ASM 475 : Found label after column 1. (COMA)
Warning[207] C:\USERS\ANGELORELLANA\ONEDRIVE\ESCRITORIO\UVG\4TOSEMESTRE\PROGRADEMICROS\PROYECTO3\PROJECTO3.X\MAIN.ASM 478 : Found label after column 1. (FINAL)
Warning[207] C:\USERS\ANGELORELLANA\ONEDRIVE\ESCRITORIO\UVG\4TOSEMESTRE\PROGRADEMICROS\PROYECTO3\PROJECTO3.X\MAIN.ASM 481 : Found label after column 1. (ENVIAR)
Warning[207] C:\USERS\ANGELORELLANA\ONEDRIVE\ESCRITORIO\UVG\4TOSEMESTRE\PROGRADEMICROS\PROYECTO3\PROJECTO3.X\MAIN.ASM 483 : Found label after column 1. (ENVIAR_SIN_SUMA)
Warning[207] C:\USERS\ANGELORELLANA\ONEDRIVE\ESCRITORIO\UVG\4TOSEMESTRE\PROGRADEMICROS\PROYECTO3\PROJECTO3.X\MAIN.ASM 490 : Found label after column 1. (START)
Message[302] C:\USERS\ANGELORELLANA\ONEDRIVE\ESCRITORIO\UVG\4TOSEMESTRE\PROGRADEMICROS\PROYECTO3\PROJECTO3.X\MAIN.ASM 496 : Register in operand not in bank 0.  Ensure that bank bits are correct.
Message[302] C:\USERS\ANGELORELLANA\ONEDRIVE\ESCRITORIO\UVG\4TOSEMESTRE\PROGRADEMICROS\PROYECTO3\PROJECTO3.X\MAIN.ASM 497 : Register in operand not in bank 0.  Ensure that bank bits are correct.
Message[302] C:\USERS\ANGELORELLANA\ONEDRIVE\ESCRITORIO\UVG\4TOSEMESTRE\PROGRADEMICROS\PROYECTO3\PROJECTO3.X\MAIN.ASM 499 : Register in operand not in bank 0.  Ensure that bank bits are correct.
Message[302] C:\USERS\ANGELORELLANA\ONEDRIVE\ESCRITORIO\UVG\4TOSEMESTRE\PROGRADEMICROS\PROYECTO3\PROJECTO3.X\MAIN.ASM 500 : Register in operand not in bank 0.  Ensure that bank bits are correct.
Message[302] C:\USERS\ANGELORELLANA\ONEDRIVE\ESCRITORIO\UVG\4TOSEMESTRE\PROGRADEMICROS\PROYECTO3\PROJECTO3.X\MAIN.ASM 501 : Register in operand not in bank 0.  Ensure that bank bits are correct.
Message[302] C:\USERS\ANGELORELLANA\ONEDRIVE\ESCRITORIO\UVG\4TOSEMESTRE\PROGRADEMICROS\PROYECTO3\PROJECTO3.X\MAIN.ASM 502 : Register in operand not in bank 0.  Ensure that bank bits are correct.
Message[302] C:\USERS\ANGELORELLANA\ONEDRIVE\ESCRITORIO\UVG\4TOSEMESTRE\PROGRADEMICROS\PROYECTO3\PROJECTO3.X\MAIN.ASM 503 : Register in operand not in bank 0.  Ensure that bank bits are correct.
Message[302] C:\USERS\ANGELORELLANA\ONEDRIVE\ESCRITORIO\UVG\4TOSEMESTRE\PROGRADEMICROS\PROYECTO3\PROJECTO3.X\MAIN.ASM 505 : Register in operand not in bank 0.  Ensure that bank bits are correct.
Message[302] C:\USERS\ANGELORELLANA\ONEDRIVE\ESCRITORIO\UVG\4TOSEMESTRE\PROGRADEMICROS\PROYECTO3\PROJECTO3.X\MAIN.ASM 508 : Register in operand not in bank 0.  Ensure that bank bits are correct.
Message[302] C:\USERS\ANGELORELLANA\ONEDRIVE\ESCRITORIO\UVG\4TOSEMESTRE\PROGRADEMICROS\PROYECTO3\PROJECTO3.X\MAIN.ASM 509 : Register in operand not in bank 0.  Ensure that bank bits are correct.
Message[302] C:\USERS\ANGELORELLANA\ONEDRIVE\ESCRITORIO\UVG\4TOSEMESTRE\PROGRADEMICROS\PROYECTO3\PROJECTO3.X\MAIN.ASM 510 : Register in operand not in bank 0.  Ensure that bank bits are correct.
Message[302] C:\USERS\ANGELORELLANA\ONEDRIVE\ESCRITORIO\UVG\4TOSEMESTRE\PROGRADEMICROS\PROYECTO3\PROJECTO3.X\MAIN.ASM 519 : Register in operand not in bank 0.  Ensure that bank bits are correct.
Message[302] C:\USERS\ANGELORELLANA\ONEDRIVE\ESCRITORIO\UVG\4TOSEMESTRE\PROGRADEMICROS\PROYECTO3\PROJECTO3.X\MAIN.ASM 520 : Register in operand not in bank 0.  Ensure that bank bits are correct.
Message[302] C:\USERS\ANGELORELLANA\ONEDRIVE\ESCRITORIO\UVG\4TOSEMESTRE\PROGRADEMICROS\PROYECTO3\PROJECTO3.X\MAIN.ASM 521 : Register in operand not in bank 0.  Ensure that bank bits are correct.
Message[302] C:\USERS\ANGELORELLANA\ONEDRIVE\ESCRITORIO\UVG\4TOSEMESTRE\PROGRADEMICROS\PROYECTO3\PROJECTO3.X\MAIN.ASM 524 : Register in operand not in bank 0.  Ensure that bank bits are correct.
Message[302] C:\USERS\ANGELORELLANA\ONEDRIVE\ESCRITORIO\UVG\4TOSEMESTRE\PROGRADEMICROS\PROYECTO3\PROJECTO3.X\MAIN.ASM 525 : Register in operand not in bank 0.  Ensure that bank bits are correct.
Message[302] C:\USERS\ANGELORELLANA\ONEDRIVE\ESCRITORIO\UVG\4TOSEMESTRE\PROGRADEMICROS\PROYECTO3\PROJECTO3.X\MAIN.ASM 527 : Register in operand not in bank 0.  Ensure that bank bits are correct.
Message[302] C:\USERS\ANGELORELLANA\ONEDRIVE\ESCRITORIO\UVG\4TOSEMESTRE\PROGRADEMICROS\PROYECTO3\PROJECTO3.X\MAIN.ASM 528 : Register in operand not in bank 0.  Ensure that bank bits are correct.
Message[302] C:\USERS\ANGELORELLANA\ONEDRIVE\ESCRITORIO\UVG\4TOSEMESTRE\PROGRADEMICROS\PROYECTO3\PROJECTO3.X\MAIN.ASM 529 : Register in operand not in bank 0.  Ensure that bank bits are correct.
Message[302] C:\USERS\ANGELORELLANA\ONEDRIVE\ESCRITORIO\UVG\4TOSEMESTRE\PROGRADEMICROS\PROYECTO3\PROJECTO3.X\MAIN.ASM 530 : Register in operand not in bank 0.  Ensure that bank bits are correct.
Message[302] C:\USERS\ANGELORELLANA\ONEDRIVE\ESCRITORIO\UVG\4TOSEMESTRE\PROGRADEMICROS\PROYECTO3\PROJECTO3.X\MAIN.ASM 533 : Register in operand not in bank 0.  Ensure that bank bits are correct.
Warning[207] C:\USERS\ANGELORELLANA\ONEDRIVE\ESCRITORIO\UVG\4TOSEMESTRE\PROGRADEMICROS\PROYECTO3\PROJECTO3.X\MAIN.ASM 625 : Found label after column 1. (SA)
Warning[207] C:\USERS\ANGELORELLANA\ONEDRIVE\ESCRITORIO\UVG\4TOSEMESTRE\PROGRADEMICROS\PROYECTO3\PROJECTO3.X\MAIN.ASM 630 : Found label after column 1. (SB)
Warning[207] C:\USERS\ANGELORELLANA\ONEDRIVE\ESCRITORIO\UVG\4TOSEMESTRE\PROGRADEMICROS\PROYECTO3\PROJECTO3.X\MAIN.ASM 640 : Found label after column 1. (ANALOGICO)
Warning[207] C:\USERS\ANGELORELLANA\ONEDRIVE\ESCRITORIO\UVG\4TOSEMESTRE\PROGRADEMICROS\PROYECTO3\PROJECTO3.X\MAIN.ASM 654 : Found label after column 1. (COMPUTADORA)
Warning[207] C:\USERS\ANGELORELLANA\ONEDRIVE\ESCRITORIO\UVG\4TOSEMESTRE\PROGRADEMICROS\PROYECTO3\PROJECTO3.X\MAIN.ASM 694 : Found label after column 1. (SECUENCIADO)
Warning[207] C:\USERS\ANGELORELLANA\ONEDRIVE\ESCRITORIO\UVG\4TOSEMESTRE\PROGRADEMICROS\PROYECTO3\PROJECTO3.X\MAIN.ASM 705 : Found label after column 1. (CONVERSION)
Message[305] C:\USERS\ANGELORELLANA\ONEDRIVE\ESCRITORIO\UVG\4TOSEMESTRE\PROGRADEMICROS\PROYECTO3\PROJECTO3.X\MAIN.ASM 716 : Using default destination of 1 (file).
Warning[207] C:\USERS\ANGELORELLANA\ONEDRIVE\ESCRITORIO\UVG\4TOSEMESTRE\PROGRADEMICROS\PROYECTO3\PROJECTO3.X\MAIN.ASM 764 : Found label after column 1. (SEGUIR_CON_GUARDAR)
Warning[207] C:\USERS\ANGELORELLANA\ONEDRIVE\ESCRITORIO\UVG\4TOSEMESTRE\PROGRADEMICROS\PROYECTO3\PROJECTO3.X\MAIN.ASM 802 : Found label after column 1. (CENTENAS_CONVERTIR)
Warning[207] C:\USERS\ANGELORELLANA\ONEDRIVE\ESCRITORIO\UVG\4TOSEMESTRE\PROGRADEMICROS\PROYECTO3\PROJECTO3.X\MAIN.ASM 808 : Found label after column 1. (SUMAR_CENTENA)
Warning[207] C:\USERS\ANGELORELLANA\ONEDRIVE\ESCRITORIO\UVG\4TOSEMESTRE\PROGRADEMICROS\PROYECTO3\PROJECTO3.X\MAIN.ASM 812 : Found label after column 1. (DECENAS_CONVERTIR)
Warning[207] C:\USERS\ANGELORELLANA\ONEDRIVE\ESCRITORIO\UVG\4TOSEMESTRE\PROGRADEMICROS\PROYECTO3\PROJECTO3.X\MAIN.ASM 818 : Found label after column 1. (SUMAR_DECENA)
Warning[207] C:\USERS\ANGELORELLANA\ONEDRIVE\ESCRITORIO\UVG\4TOSEMESTRE\PROGRADEMICROS\PROYECTO3\PROJECTO3.X\MAIN.ASM 822 : Found label after column 1. (UNIDADES_CONVERTIR)
Warning[207] C:\USERS\ANGELORELLANA\ONEDRIVE\ESCRITORIO\UVG\4TOSEMESTRE\PROGRADEMICROS\PROYECTO3\PROJECTO3.X\MAIN.ASM 828 : Found label after column 1. (SUMAR_UNIDADES)
Warning[207] C:\USERS\ANGELORELLANA\ONEDRIVE\ESCRITORIO\UVG\4TOSEMESTRE\PROGRADEMICROS\PROYECTO3\PROJECTO3.X\MAIN.ASM 838 : Found label after column 1. (CENTENAS)
Warning[207] C:\USERS\ANGELORELLANA\ONEDRIVE\ESCRITORIO\UVG\4TOSEMESTRE\PROGRADEMICROS\PROYECTO3\PROJECTO3.X\MAIN.ASM 850 : Found label after column 1. (DECENAS)
Warning[207] C:\USERS\ANGELORELLANA\ONEDRIVE\ESCRITORIO\UVG\4TOSEMESTRE\PROGRADEMICROS\PROYECTO3\PROJECTO3.X\MAIN.ASM 860 : Found label after column 1. (UNIDADES)
Warning[207] C:\USERS\ANGELORELLANA\ONEDRIVE\ESCRITORIO\UVG\4TOSEMESTRE\PROGRADEMICROS\PROYECTO3\PROJECTO3.X\MAIN.ASM 870 : Found label after column 1. (GUARDAR)
Message[302] C:\USERS\ANGELORELLANA\ONEDRIVE\ESCRITORIO\UVG\4TOSEMESTRE\PROGRADEMICROS\PROYECTO3\PROJECTO3.X\MAIN.ASM 906 : Register in operand not in bank 0.  Ensure that bank bits are correct.
Message[302] C:\USERS\ANGELORELLANA\ONEDRIVE\ESCRITORIO\UVG\4TOSEMESTRE\PROGRADEMICROS\PROYECTO3\PROJECTO3.X\MAIN.ASM 916 : Register in operand not in bank 0.  Ensure that bank bits are correct.
Message[302] C:\USERS\ANGELORELLANA\ONEDRIVE\ESCRITORIO\UVG\4TOSEMESTRE\PROGRADEMICROS\PROYECTO3\PROJECTO3.X\MAIN.ASM 919 : Register in operand not in bank 0.  Ensure that bank bits are correct.
Message[302] C:\USERS\ANGELORELLANA\ONEDRIVE\ESCRITORIO\UVG\4TOSEMESTRE\PROGRADEMICROS\PROYECTO3\PROJECTO3.X\MAIN.ASM 922 : Register in operand not in bank 0.  Ensure that bank bits are correct.
Message[302] C:\USERS\ANGELORELLANA\ONEDRIVE\ESCRITORIO\UVG\4TOSEMESTRE\PROGRADEMICROS\PROYECTO3\PROJECTO3.X\MAIN.ASM 924 : Register in operand not in bank 0.  Ensure that bank bits are correct.
Message[302] C:\USERS\ANGELORELLANA\ONEDRIVE\ESCRITORIO\UVG\4TOSEMESTRE\PROGRADEMICROS\PROYECTO3\PROJECTO3.X\MAIN.ASM 926 : Register in operand not in bank 0.  Ensure that bank bits are correct.
Message[302] C:\USERS\ANGELORELLANA\ONEDRIVE\ESCRITORIO\UVG\4TOSEMESTRE\PROGRADEMICROS\PROYECTO3\PROJECTO3.X\MAIN.ASM 927 : Register in operand not in bank 0.  Ensure that bank bits are correct.
Message[302] C:\USERS\ANGELORELLANA\ONEDRIVE\ESCRITORIO\UVG\4TOSEMESTRE\PROGRADEMICROS\PROYECTO3\PROJECTO3.X\MAIN.ASM 929 : Register in operand not in bank 0.  Ensure that bank bits are correct.
Message[302] C:\USERS\ANGELORELLANA\ONEDRIVE\ESCRITORIO\UVG\4TOSEMESTRE\PROGRADEMICROS\PROYECTO3\PROJECTO3.X\MAIN.ASM 946 : Register in operand not in bank 0.  Ensure that bank bits are correct.
Message[302] C:\USERS\ANGELORELLANA\ONEDRIVE\ESCRITORIO\UVG\4TOSEMESTRE\PROGRADEMICROS\PROYECTO3\PROJECTO3.X\MAIN.ASM 951 : Register in operand not in bank 0.  Ensure that bank bits are correct.
Message[302] C:\USERS\ANGELORELLANA\ONEDRIVE\ESCRITORIO\UVG\4TOSEMESTRE\PROGRADEMICROS\PROYECTO3\PROJECTO3.X\MAIN.ASM 955 : Register in operand not in bank 0.  Ensure that bank bits are correct.
Warning[207] C:\USERS\ANGELORELLANA\ONEDRIVE\ESCRITORIO\UVG\4TOSEMESTRE\PROGRADEMICROS\PROYECTO3\PROJECTO3.X\MAIN.ASM 967 : Found label after column 1. (DEL)
