MPASM 5.84                          MAIN.ASM   11-27-2020  2:27:18         PAGE  1


LOC  OBJECT CODE     LINE SOURCE TEXT
  VALUE

                      00001 #include "p16f887.inc"
                      00001         LIST
                      00002 
                      00003 ;==========================================================================
                      00004 ; Build date : Mar 17 2019
                      00005 ;  MPASM PIC16F887 processor include
                      00006 ; 
                      00007 ;  (c) Copyright 1999-2019 Microchip Technology, All rights reserved
                      00008 ;==========================================================================
                      00009 
                      00810         LIST
                      00002 
                      00003 ; CONFIG1
                      00004 ; __config 0x20D4
2007   20D4           00005  __CONFIG _CONFIG1, _FOSC_INTRC_NOCLKOUT & _WDTE_OFF & _PWRTE_OFF & _MCLRE_OFF & _CP_OFF & _CPD_OFF & _B
                            OREN_OFF & _IESO_OFF & _FCMEN_OFF & _LVP_OFF
                      00006 ; CONFIG2
                      00007 ; __config 0x3FFF
2008   3FFF           00008  __CONFIG _CONFIG2, _BOR4V_BOR40V & _WRT_OFF
                      00009 
                      00010 PR_VAR              UDATA
                      00011 ;------------------------------------Generales-------------------------------------------
0000                  00012 ANTIREB     RES 1                       ;Boton
0001                  00013 CONT1               RES 1                       ;Delay
                      00014 ;-----------------------------------Operaciones------------------------------------------
0002                  00015 CT1                 RES 1                       ;Ciclo de Trabajo 1, para ajustar el valor que va al TMR
                            0.
0003                  00016 ROTF                RES 1                       ;Para la funcion de ajuste.
0004                  00017 CICLO               RES 1
                      00018 ;--------------------------------------ADC-----------------------------------------------
0005                  00019 SERVO0      RES 1
0006                  00020 SERVO1              RES 1
0007                  00021 SERVO2      RES 1                       ;Para mostrar el ciclo de trabajo de los PMW
0008                  00022 CONT_ADC            RES 1                       ;Para llevar  registro de que canal analogico toca.
                      00023 ;-----------------------------------Interrupcion------------------------------------------
0009                  00024 TEMP_STATUS         RES 1
000A                  00025 TEMP_W      RES 1
000B                  00026 TEMP_FSR            RES 1
                      00027 
                      00028 RES_VECT  CODE    0x0000            ; processor reset vector
0000   2???           00029     GOTO    START                   ; go to beginning of program
                      00030 
                      00031 ;************************************Interrupcion********************************
                      00032 ISR_VECT   CODE    0X0004
0004                  00033 SAVE:                                   ;Sirve para guardar el valor actual de:
0004   00??           00034     MOVWF       TEMP_W          ;"W"
0005   0E03           00035     SWAPF       STATUS, W
0006   00??           00036     MOVWF       TEMP_STATUS             ;& STATUS
0007   0E04           00037     SWAPF       FSR, W
0008   00??           00038     MOVWF       TEMP_FSR
0009                  00039 ISR:
0009   1D0B           00040     BTFSS       INTCON,T0IF
000A   2???           00041      GOTO       ADC_INT
MPASM 5.84                          MAIN.ASM   11-27-2020  2:27:18         PAGE  2


LOC  OBJECT CODE     LINE SOURCE TEXT
  VALUE

000B   110B           00042     BCF INTCON,T0IF
000C   08??           00043     MOVF    CICLO,W
000D   0782           00044     ADDWF   PCL, F
000E   2???           00045     GOTO    INICIO_PERIODO ;este contador LLEVA EN CONTROL DE LA SECUENCIA PARA LA GENERACION PWM
000F   2???           00046     GOTO    PWM2
                      00047 
0010   01??           00048     CLRF    CICLO
                      00049 
Warning[207]: Found label after column 1. (INICIO_PERIODO)
0011                  00050     INICIO_PERIODO ;EN LA PRIMERA FASE SE COLOCA EN 1 EL PIN RC0 Y RC3 SE ENCUENTRA EN 0
0011   1407           00051     BSF PORTC, RC0 ;SE COLOCA EN 1
0012   08??           00052     MOVF   CT1,W
0013   0181           00053     CLRF        TMR0
0014   0281           00054     SUBWF   TMR0,F  ;TMRO =  256 - TRABAJO1
0015   0A??           00055     INCF    CICLO,F ;A LA SIGUIENTE ENTRADA SE EJECUTA PWM1
0016   2???           00056     GOTO  ADC_INT
                      00057 
0017                  00058 PWM2
0017   1007           00059     BCF PORTC,RC0
0018   0181           00060     CLRF        TMR0 ;LA SIGUIENTE INTERRUPCION OCURRIRA DENTRO DE 4.09mS
0019   0A??           00061     INCF CICLO,F
                      00062 ;TMR0_INT:
                      00063 ;    BCF                INTCON,T0IF
                      00064 ;    MOVF               CICLO,W
                      00065 ;    ADDWF      PCL,F
                      00066 ;    GOTO               POSITIVO
                      00067 ;    GOTO               NEGATIVO
                      00068 ;    CLRF               CICLO
                      00069 ;POSITIVO:
                      00070 ;    BSF                PORTC, RC0
                      00071 ;    MOVF               CT1,W
                      00072 ;    CLRF               TMR0
                      00073 ;    SUBWF      TMR0,F
                      00074 ;    INCF               CICLO,F
                      00075 ;    GOTO               ADC_INT
                      00076 ;NEGATIVO:
                      00077 ;    BCF                PORTC, RC0
                      00078 ;    CLRF               TMR0
                      00079 ;    INCF               CICLO, F
                      00080 
001A                  00081 ADC_INT:
001A   1F0C           00082     BTFSS       PIR1, ADIF
001B   2???           00083     GOTO                LOAD
                      00084 
001C   130C           00085     BCF         PIR1, ADIF
001D   08??           00086     MOVF                CONT_ADC, W
001E   0782           00087     ADDWF       PCL, F
                      00088 
001F   2???           00089     GOTO                SERVO0_ADC
0020   2???           00090     GOTO                SERVO1_ADC
0021   2???           00091     GOTO                SERVO2_ADC
0022   01??           00092     CLRF                CONT_ADC
                      00093 
MPASM 5.84                          MAIN.ASM   11-27-2020  2:27:18         PAGE  3


LOC  OBJECT CODE     LINE SOURCE TEXT
  VALUE

0023                  00094 SERVO0_ADC:
0023   081E           00095     MOVF        ADRESH,W
0024   00??           00096     MOVWF       SERVO0
0025   119F           00097     BCF         ADCON0, CHS1
0026   151F           00098     BSF         ADCON0, CHS0            ;Canal 1
0027   2???           00099     GOTO                INICIAR_CONV
                      00100 
0028                  00101 SERVO1_ADC:
0028   081E           00102     MOVF        ADRESH,W
0029   00??           00103     MOVWF       SERVO1
002A   159F           00104     BSF         ADCON0, CHS1
002B   111F           00105     BCF         ADCON0, CHS0             ;Canal 2
002C   2???           00106     GOTO                INICIAR_CONV
                      00107 
002D                  00108 SERVO2_ADC:
002D   081E           00109     MOVF                ADRESH,W
002E   00??           00110     MOVWF       SERVO2
002F   119F           00111     BCF         ADCON0, CHS1
0030   111F           00112     BCF         ADCON0, CHS0            ;Canal 0
                      00113 
0031                  00114 INICIAR_CONV:
0031   0A??           00115     INCF                CONT_ADC, F
0032   149F           00116     BSF         ADCON0, GO
                      00117 
0033                  00118 LOAD:                                   ;Se recupera el valor de:
0033   0E??           00119     SWAPF       TEMP_STATUS, W
0034   0083           00120     MOVWF       STATUS          ;STATUS
0035   0E??           00121     SWAPF       TEMP_FSR, W
0036   0084           00122     MOVWF       FSR
0037   0E??           00123     SWAPF       TEMP_W, F
0038   0E??           00124     SWAPF       TEMP_W, W               ;& de "W"
0039   0009           00125     RETFIE
                      00126 ;-----------------------------------------------------------------------------------------
                      00127 MAIN_PROG CODE                  ; let linker place main program
0000                  00128 START
0000   1703           00129     BSF          STATUS, 6
0001   1683           00130     BSF         STATUS, 5               ;--------------------Banco 3----------------
0002   3007           00131     MOVLW       B'00000111'
Message[302]: Register in operand not in bank 0.  Ensure that bank bits are correct.
0003   0088           00132     MOVWF       ANSEL                   ;Se habilita el analogico en A0, A1 & A2
Message[302]: Register in operand not in bank 0.  Ensure that bank bits are correct.
0004   1281           00133     BCF         OPTION_REG, T0CS        ;TMR0: Oscilador interno
Message[302]: Register in operand not in bank 0.  Ensure that bank bits are correct.
0005   1181           00134     BCF         OPTION_REG, PSA ;Prescaler a TMR0
Message[302]: Register in operand not in bank 0.  Ensure that bank bits are correct.
0006   1101           00135     BCF         OPTION_REG, PS2
Message[302]: Register in operand not in bank 0.  Ensure that bank bits are correct.
0007   1481           00136     BSF         OPTION_REG, PS1
Message[302]: Register in operand not in bank 0.  Ensure that bank bits are correct.
0008   1401           00137     BSF         OPTION_REG, PS0 ;Prescaler de 1:16
0009   1303           00138     BCF         STATUS, 6               ;-------------------Banco 1------------------
000A   30FF           00139     MOVLW       .255
Message[302]: Register in operand not in bank 0.  Ensure that bank bits are correct.
MPASM 5.84                          MAIN.ASM   11-27-2020  2:27:18         PAGE  4


LOC  OBJECT CODE     LINE SOURCE TEXT
  VALUE

000B   0085           00140     MOVWF       TRISA                   ;Puerto A como entrada.
Message[302]: Register in operand not in bank 0.  Ensure that bank bits are correct.
000C   0187           00141     CLRF                TRISC                   ;Salida: Señales PMW.
                      00142 ;----------------------------Configuración Timers----------------------------------------
000D   178B           00143     BSF         INTCON,GIE              ;Habilita las interrupciones globales
000E   170B           00144     BSF         INTCON, PEIE            ;& perifericas.
                      00145 
Message[302]: Register in operand not in bank 0.  Ensure that bank bits are correct.
000F   170C           00146     BSF         PIE1, ADIE              ;Interrupcion del ADC activa
Message[302]: Register in operand not in bank 0.  Ensure that bank bits are correct.
0010   168C           00147      BSF                PIE1, RCIE              ;Interrupcion del receptor EUSART
                      00148     ;---------------------------------------------------------------------------------------
0011   30FF           00149     MOVLW       .255
Message[302]: Register in operand not in bank 0.  Ensure that bank bits are correct.
0012   0092           00150     MOVWF       PR2                     ;Periodo de 4.09 mS aproximadamente en PWM
                      00151  ;----------------------------------  EUSART---------------------------------------------
                      00152 ;      BCF              TXSTA,TX9                         ;Transmicion de 8 bits.
                      00153 ;     BSF               TXSTA, TXEN                       ;Bit de transmicion activo.
                      00154 ;     BCF               TXSTA, SYNC                       ;Modo Asincronico.
                      00155 ;     BSF               TXSTA, BRGH                       ;Modo de alta velocidad.
                      00156 ;      MOVLW    .25                               ;9615 de Baudrate
                      00157 ;     MOVWF     SPBRG
Message[302]: Register in operand not in bank 0.  Ensure that bank bits are correct.
0013   019F           00158     CLRF                ADCON1
0014   1283           00159     BCF         STATUS, 5               ;----------------BANCO 0-------------------
0015   110B           00160     BCF         INTCON, T0IF            ;Se apaga la bandera
0016   0181           00161     CLRF                TMR0
0017   168B           00162     BSF         INTCON, T0IE            ;Se habilita la interrrupcion del Timer 0.
                      00163 
0018   300C           00164     MOVLW       B'00001100'
0019   0097           00165     MOVWF       CCP1CON         ;Modo de PWM en RC2
001A   009D           00166     MOVWF       CCP2CON         ; & RC1.
                      00167 
001B   3006           00168     MOVLW       B'0000110'              ;TMR2 encendido con prescales de 1:16
001C   0092           00169     MOVWF       T2CON                   ;& postcaler de 1
                      00170 
001D   3041           00171     MOVLW       B'01000001'              ;ADC con FOSC/8, canal 0
001E   009F           00172     MOVWF       ADCON0           ;& encendido.
                      00173 ;-------------------------------Limpiar variables/puertos--------------------------------
001F   01??           00174    CLRF         TEMP_STATUS
0020   01??           00175    CLRF         TEMP_W
0021   01??           00176    CLRF         SERVO0
0022   01??           00177    CLRF         SERVO1
0023   01??           00178    CLRF         SERVO2
0024   01??           00179    CLRF         CT1
0025   01??           00180    CLRF         CONT_ADC
0026   01??           00181    CLRF         ANTIREB
0027   01??           00182    CLRF         CONT1
0028   149F           00183    BSF          ADCON0, GO
                      00184 
0029                  00185 LOOP:
0029   30??           00186     MOVLW       SERVO0
002A   0084           00187     MOVWF       FSR
MPASM 5.84                          MAIN.ASM   11-27-2020  2:27:18         PAGE  5


LOC  OBJECT CODE     LINE SOURCE TEXT
  VALUE

002B   2???           00188     CALL                AJUSTE_CT
002C   08??           00189     MOVF                ROTF, W
002D   0095           00190     MOVWF       CCPR1L
                      00191 
002E   30??           00192     MOVLW       SERVO1
002F   0084           00193     MOVWF       FSR
0030   2???           00194     CALL                AJUSTE_CT
0031   08??           00195     MOVF                ROTF, W
0032   009B           00196     MOVWF       CCPR2L
                      00197 
0033   30??           00198      MOVLW      SERVO2
0034   0084           00199     MOVWF       FSR
0035   2???           00200     CALL                AJUSTE_CT
0036   08??           00201     MOVF                ROTF, W
0037   00??           00202     MOVWF       CT1
0038   2???           00203     GOTO                LOOP
                      00204 ;--------------------------------------RUTINAS-----------------------------------------
0039                  00205 AJUSTE_CT
0039   1383           00206     BCF         STATUS, IRP
003A   1003           00207     BCF         STATUS, C               ;Se asegura que carry este en 0.
003B   0C00           00208     RRF         INDF, W         ;Se procede a rotar a la derecha para emular la division
                      00209                                         ;ahora el valor esta entre 0 - 127.
003C   3E1F           00210     ADDLW       .31                     ;Se adiciona 97 para que el tiempo en el TRM0, este
003D   00??           00211     MOVWF       ROTF                    ;entre 0.512ms < t < 2.544ms.
003E   0008           00212     RETURN
003F                  00213 DELAY_4US                               ;DELAY DE  4us (supuestamente)
003F   1283           00214     BCF         STATUS,5
0040   1303           00215     BCF         STATUS,6
0041   3080           00216     MOVLW        .128
0042   00??           00217     MOVWF       CONT1
0043   0B??           00218     DECFSZ      CONT1, F
0044   2???           00219     GOTO                $-1
0045   0008           00220    RETURN
20D4 3FFF             00221     END
MPASM 5.84                          MAIN.ASM   11-27-2020  2:27:18         PAGE  6


SYMBOL TABLE
  LABEL                             VALUE 

ABDEN                             00000000
ABDOVF                            00000007
ACKDT                             00000005
ACKEN                             00000004
ACKSTAT                           00000006
ADCON0                            0000001F
ADCON1                            0000009F
ADCS0                             00000006
ADCS1                             00000007
ADC_INT                           0000001A
ADDEN                             00000003
ADFM                              00000007
ADIE                              00000006
ADIF                              00000006
ADON                              00000000
ADRESH                            0000001E
ADRESL                            0000009E
AJUSTE_CT                         00000039
ANS0                              00000000
ANS1                              00000001
ANS10                             00000002
ANS11                             00000003
ANS12                             00000004
ANS13                             00000005
ANS2                              00000002
ANS3                              00000003
ANS4                              00000004
ANS5                              00000005
ANS6                              00000006
ANS7                              00000007
ANS8                              00000000
ANS9                              00000001
ANSEL                             00000188
ANSELH                            00000189
ANTIREB                           00000000
BAUDCTL                           00000187
BCLIE                             00000003
BCLIF                             00000003
BF                                00000000
BRG0                              00000000
BRG1                              00000001
BRG10                             00000002
BRG11                             00000003
BRG12                             00000004
BRG13                             00000005
BRG14                             00000006
BRG15                             00000007
BRG16                             00000003
BRG2                              00000002
BRG3                              00000003
BRG4                              00000004
BRG5                              00000005
BRG6                              00000006
MPASM 5.84                          MAIN.ASM   11-27-2020  2:27:18         PAGE  7


SYMBOL TABLE
  LABEL                             VALUE 

BRG7                              00000007
BRG8                              00000000
BRG9                              00000001
BRGH                              00000002
C                                 00000000
C1CH0                             00000000
C1CH1                             00000001
C1IE                              00000005
C1IF                              00000005
C1OE                              00000005
C1ON                              00000007
C1OUT                             00000006
C1POL                             00000004
C1R                               00000002
C1RSEL                            00000005
C1SEN                             00000005
C2CH0                             00000000
C2CH1                             00000001
C2IE                              00000006
C2IF                              00000006
C2OE                              00000005
C2ON                              00000007
C2OUT                             00000006
C2POL                             00000004
C2R                               00000002
C2REN                             00000004
C2RSEL                            00000004
C2SYNC                            00000000
CCP1CON                           00000017
CCP1IE                            00000002
CCP1IF                            00000002
CCP1M0                            00000000
CCP1M1                            00000001
CCP1M2                            00000002
CCP1M3                            00000003
CCP1X                             00000005
CCP1Y                             00000004
CCP2CON                           0000001D
CCP2IE                            00000000
CCP2IF                            00000000
CCP2M0                            00000000
CCP2M1                            00000001
CCP2M2                            00000002
CCP2M3                            00000003
CCP2X                             00000005
CCP2Y                             00000004
CCPR1                             00000015
CCPR1H                            00000016
CCPR1L                            00000015
CCPR2                             0000001B
CCPR2H                            0000001C
CCPR2L                            0000001B
CHS0                              00000002
MPASM 5.84                          MAIN.ASM   11-27-2020  2:27:18         PAGE  8


SYMBOL TABLE
  LABEL                             VALUE 

CHS1                              00000003
CHS2                              00000004
CHS3                              00000005
CICLO                             00000004
CKE                               00000006
CKP                               00000004
CM1CON0                           00000107
CM2CON0                           00000108
CM2CON1                           00000109
CONT1                             00000001
CONT_ADC                          00000008
CREN                              00000004
CSRC                              00000007
CT1                               00000002
D                                 00000005
DATA_ADDRESS                      00000005
DC                                00000001
DC1B0                             00000004
DC1B1                             00000005
DC2B0                             00000004
DC2B1                             00000005
DELAY_4US                         0000003F
D_A                               00000005
D_NOT_A                           00000005
ECCPAS                            0000009C
ECCPAS0                           00000004
ECCPAS1                           00000005
ECCPAS2                           00000006
ECCPASE                           00000007
EEADR                             0000010D
EEADRH                            0000010F
EECON1                            0000018C
EECON2                            0000018D
EEDAT                             0000010C
EEDATA                            0000010C
EEDATH                            0000010E
EEIE                              00000004
EEIF                              00000004
EEPGD                             00000007
F                                 00000001
FERR                              00000002
FSR                               00000004
FVREN                             00000000
GCEN                              00000007
GIE                               00000007
GO                                00000001
GO_DONE                           00000001
GO_NOT_DONE                       00000001
HTS                               00000002
I2C_DATA                          00000005
I2C_READ                          00000002
I2C_START                         00000003
I2C_STOP                          00000004
MPASM 5.84                          MAIN.ASM   11-27-2020  2:27:18         PAGE  9


SYMBOL TABLE
  LABEL                             VALUE 

INDF                              00000000
INICIAR_CONV                      00000031
INICIO_PERIODO                    00000011
INTCON                            0000000B
INTE                              00000004
INTEDG                            00000006
INTF                              00000001
IOCB                              00000096
IOCB0                             00000000
IOCB1                             00000001
IOCB2                             00000002
IOCB3                             00000003
IOCB4                             00000004
IOCB5                             00000005
IOCB6                             00000006
IOCB7                             00000007
IRCF0                             00000004
IRCF1                             00000005
IRCF2                             00000006
IRP                               00000007
ISR                               00000009
LOAD                              00000033
LOOP                              00000029
LTS                               00000001
MC1OUT                            00000007
MC2OUT                            00000006
MSK                               00000093
MSK0                              00000000
MSK1                              00000001
MSK2                              00000002
MSK3                              00000003
MSK4                              00000004
MSK5                              00000005
MSK6                              00000006
MSK7                              00000007
NOT_A                             00000005
NOT_ADDRESS                       00000005
NOT_BO                            00000000
NOT_BOR                           00000000
NOT_DONE                          00000001
NOT_PD                            00000003
NOT_POR                           00000001
NOT_RBPU                          00000007
NOT_RC8                           00000006
NOT_T1SYNC                        00000002
NOT_TO                            00000004
NOT_TX8                           00000006
NOT_W                             00000002
NOT_WRITE                         00000002
OERR                              00000001
OPTION_REG                        00000081
OSCCON                            0000008F
OSCTUNE                           00000090
MPASM 5.84                          MAIN.ASM   11-27-2020  2:27:18         PAGE 10


SYMBOL TABLE
  LABEL                             VALUE 

OSFIE                             00000007
OSFIF                             00000007
OSTS                              00000003
P                                 00000004
P1M0                              00000006
P1M1                              00000007
PCL                               00000002
PCLATH                            0000000A
PCON                              0000008E
PDC0                              00000000
PDC1                              00000001
PDC2                              00000002
PDC3                              00000003
PDC4                              00000004
PDC5                              00000005
PDC6                              00000006
PEIE                              00000006
PEN                               00000002
PIE1                              0000008C
PIE2                              0000008D
PIR1                              0000000C
PIR2                              0000000D
PORTA                             00000005
PORTB                             00000006
PORTC                             00000007
PORTD                             00000008
PORTE                             00000009
PR2                               00000092
PRSEN                             00000007
PS0                               00000000
PS1                               00000001
PS2                               00000002
PSA                               00000003
PSSAC0                            00000002
PSSAC1                            00000003
PSSBD0                            00000000
PSSBD1                            00000001
PSTRCON                           0000009D
PULSR                             00000002
PULSS                             00000003
PWM1CON                           0000009B
PWM2                              00000017
R                                 00000002
RA0                               00000000
RA1                               00000001
RA2                               00000002
RA3                               00000003
RA4                               00000004
RA5                               00000005
RA6                               00000006
RA7                               00000007
RB0                               00000000
RB1                               00000001
MPASM 5.84                          MAIN.ASM   11-27-2020  2:27:18         PAGE 11


SYMBOL TABLE
  LABEL                             VALUE 

RB2                               00000002
RB3                               00000003
RB4                               00000004
RB5                               00000005
RB6                               00000006
RB7                               00000007
RBIE                              00000003
RBIF                              00000000
RC0                               00000000
RC1                               00000001
RC2                               00000002
RC3                               00000003
RC4                               00000004
RC5                               00000005
RC6                               00000006
RC7                               00000007
RC8_9                             00000006
RC9                               00000006
RCD8                              00000000
RCEN                              00000003
RCIDL                             00000006
RCIE                              00000005
RCIF                              00000005
RCREG                             0000001A
RCSTA                             00000018
RD                                00000000
RD0                               00000000
RD1                               00000001
RD2                               00000002
RD3                               00000003
RD4                               00000004
RD5                               00000005
RD6                               00000006
RD7                               00000007
RE0                               00000000
RE1                               00000001
RE2                               00000002
RE3                               00000003
READ_WRITE                        00000002
ROTF                              00000003
RP0                               00000005
RP1                               00000006
RSEN                              00000001
RX9                               00000006
RX9D                              00000000
R_NOT_W                           00000002
R_W                               00000002
S                                 00000003
SAVE                              00000004
SBOREN                            00000004
SCKP                              00000004
SCS                               00000000
SEN                               00000000
MPASM 5.84                          MAIN.ASM   11-27-2020  2:27:18         PAGE 12


SYMBOL TABLE
  LABEL                             VALUE 

SENDB                             00000003
SERVO0                            00000005
SERVO0_ADC                        00000023
SERVO1                            00000006
SERVO1_ADC                        00000028
SERVO2                            00000007
SERVO2_ADC                        0000002D
SMP                               00000007
SPBRG                             00000099
SPBRGH                            0000009A
SPEN                              00000007
SR0                               00000006
SR1                               00000007
SRCON                             00000185
SREN                              00000005
SSPADD                            00000093
SSPBUF                            00000013
SSPCON                            00000014
SSPCON2                           00000091
SSPEN                             00000005
SSPIE                             00000003
SSPIF                             00000003
SSPM0                             00000000
SSPM1                             00000001
SSPM2                             00000002
SSPM3                             00000003
SSPMSK                            00000093
SSPOV                             00000006
SSPSTAT                           00000094
START                             00000000
STATUS                            00000003
STRA                              00000000
STRB                              00000001
STRC                              00000002
STRD                              00000003
STRSYNC                           00000004
SWDTEN                            00000000
SYNC                              00000004
T0CS                              00000005
T0IE                              00000005
T0IF                              00000002
T0SE                              00000004
T1CKPS0                           00000004
T1CKPS1                           00000005
T1CON                             00000010
T1GINV                            00000007
T1GIV                             00000007
T1GSS                             00000001
T1INSYNC                          00000002
T1OSCEN                           00000003
T1SYNC                            00000002
T2CKPS0                           00000000
T2CKPS1                           00000001
MPASM 5.84                          MAIN.ASM   11-27-2020  2:27:18         PAGE 13


SYMBOL TABLE
  LABEL                             VALUE 

T2CON                             00000012
TEMP_FSR                          0000000B
TEMP_STATUS                       00000009
TEMP_W                            0000000A
TMR0                              00000001
TMR0IE                            00000005
TMR0IF                            00000002
TMR1                              0000000E
TMR1CS                            00000001
TMR1GE                            00000006
TMR1H                             0000000F
TMR1IE                            00000000
TMR1IF                            00000000
TMR1L                             0000000E
TMR1ON                            00000000
TMR2                              00000011
TMR2IE                            00000001
TMR2IF                            00000001
TMR2ON                            00000002
TOUTPS0                           00000003
TOUTPS1                           00000004
TOUTPS2                           00000005
TOUTPS3                           00000006
TRISA                             00000085
TRISA0                            00000000
TRISA1                            00000001
TRISA2                            00000002
TRISA3                            00000003
TRISA4                            00000004
TRISA5                            00000005
TRISA6                            00000006
TRISA7                            00000007
TRISB                             00000086
TRISB0                            00000000
TRISB1                            00000001
TRISB2                            00000002
TRISB3                            00000003
TRISB4                            00000004
TRISB5                            00000005
TRISB6                            00000006
TRISB7                            00000007
TRISC                             00000087
TRISC0                            00000000
TRISC1                            00000001
TRISC2                            00000002
TRISC3                            00000003
TRISC4                            00000004
TRISC5                            00000005
TRISC6                            00000006
TRISC7                            00000007
TRISD                             00000088
TRISD0                            00000000
TRISD1                            00000001
MPASM 5.84                          MAIN.ASM   11-27-2020  2:27:18         PAGE 14


SYMBOL TABLE
  LABEL                             VALUE 

TRISD2                            00000002
TRISD3                            00000003
TRISD4                            00000004
TRISD5                            00000005
TRISD6                            00000006
TRISD7                            00000007
TRISE                             00000089
TRISE0                            00000000
TRISE1                            00000001
TRISE2                            00000002
TRISE3                            00000003
TRMT                              00000001
TUN0                              00000000
TUN1                              00000001
TUN2                              00000002
TUN3                              00000003
TUN4                              00000004
TX8_9                             00000006
TX9                               00000006
TX9D                              00000000
TXD8                              00000000
TXEN                              00000005
TXIE                              00000004
TXIF                              00000004
TXREG                             00000019
TXSTA                             00000098
UA                                00000001
ULPWUE                            00000005
ULPWUIE                           00000002
ULPWUIF                           00000002
VCFG0                             00000004
VCFG1                             00000005
VR0                               00000000
VR1                               00000001
VR2                               00000002
VR3                               00000003
VRCON                             00000097
VREN                              00000007
VROE                              00000006
VRR                               00000005
VRSS                              00000004
W                                 00000000
WCOL                              00000007
WDTCON                            00000105
WDTPS0                            00000001
WDTPS1                            00000002
WDTPS2                            00000003
WDTPS3                            00000004
WPUB                              00000095
WPUB0                             00000000
WPUB1                             00000001
WPUB2                             00000002
WPUB3                             00000003
MPASM 5.84                          MAIN.ASM   11-27-2020  2:27:18         PAGE 15


SYMBOL TABLE
  LABEL                             VALUE 

WPUB4                             00000004
WPUB5                             00000005
WPUB6                             00000006
WPUB7                             00000007
WR                                00000001
WREN                              00000002
WRERR                             00000003
WUE                               00000001
Z                                 00000002
_BOR21V                           00003EFF
_BOR40V                           00003FFF
_BOR4V_BOR21V                     00003EFF
_BOR4V_BOR40V                     00003FFF
_BOREN_NSLEEP                     00003EFF
_BOREN_OFF                        00003CFF
_BOREN_ON                         00003FFF
_BOREN_SBODEN                     00003DFF
_BOR_NSLEEP                       00003EFF
_BOR_OFF                          00003CFF
_BOR_ON                           00003FFF
_BOR_SBODEN                       00003DFF
_CONFIG1                          00002007
_CONFIG2                          00002008
_CPD_OFF                          00003FFF
_CPD_ON                           00003F7F
_CP_OFF                           00003FFF
_CP_ON                            00003FBF
_DEBUG_OFF                        00003FFF
_DEBUG_ON                         00001FFF
_DEVID1                           00002006
_EC_OSC                           00003FFB
_EXTRC                            00003FFF
_EXTRCIO                          00003FFE
_EXTRC_OSC_CLKOUT                 00003FFF
_EXTRC_OSC_NOCLKOUT               00003FFE
_FCMEN_OFF                        000037FF
_FCMEN_ON                         00003FFF
_FOSC_EC                          00003FFB
_FOSC_EXTRC_CLKOUT                00003FFF
_FOSC_EXTRC_NOCLKOUT              00003FFE
_FOSC_HS                          00003FFA
_FOSC_INTRC_CLKOUT                00003FFD
_FOSC_INTRC_NOCLKOUT              00003FFC
_FOSC_LP                          00003FF8
_FOSC_XT                          00003FF9
_HS_OSC                           00003FFA
_IDLOC0                           00002000
_IDLOC1                           00002001
_IDLOC2                           00002002
_IDLOC3                           00002003
_IESO_OFF                         00003BFF
_IESO_ON                          00003FFF
_INTOSC                           00003FFD
MPASM 5.84                          MAIN.ASM   11-27-2020  2:27:18         PAGE 16


SYMBOL TABLE
  LABEL                             VALUE 

_INTOSCIO                         00003FFC
_INTRC_OSC_CLKOUT                 00003FFD
_INTRC_OSC_NOCLKOUT               00003FFC
_LP_OSC                           00003FF8
_LVP_OFF                          00002FFF
_LVP_ON                           00003FFF
_MAIN_PROG_0044                   00000044
_MCLRE_OFF                        00003FDF
_MCLRE_ON                         00003FFF
_PWRTE_OFF                        00003FFF
_PWRTE_ON                         00003FEF
_WDTE_OFF                         00003FF7
_WDTE_ON                          00003FFF
_WDT_OFF                          00003FF7
_WDT_ON                           00003FFF
_WRT_1FOURTH                      00003BFF
_WRT_256                          00003DFF
_WRT_HALF                         000039FF
_WRT_OFF                          00003FFF
_XT_OSC                           00003FF9
__16F887                          00000001
__DEBUG                           
__MPLAB_DEBUGGER_SIMULATOR        1

Errors   :     0
Warnings :     1 reported,     0 suppressed
Messages :    12 reported,     0 suppressed

